2026-01-29 07:15:11.199 INFO  org.hibernate.validator.internal.util.Version     :21   [32m                  [0;39m HV000001: Hibernate Validator 8.0.0.Final
2026-01-29 07:15:11.253 INFO  org.wuyang.member.config.MemberApplication        :51   [32m                  [0;39m Starting MemberApplication using Java 17.0.4.1 with PID 41976 (D:\Users\23889\Desktop\train\member\target\classes started by 23889 in D:\Users\23889\Desktop\train)
2026-01-29 07:15:11.253 INFO  org.wuyang.member.config.MemberApplication        :630  [32m                  [0;39m No active profile set, falling back to 1 default profile: "default"
2026-01-29 07:15:11.290 INFO  o.s.b.d.env.DevToolsPropertyDefaultsPostProcessor :250  [32m                  [0;39m Devtools property defaults active! Set 'spring.devtools.add-properties' to 'false' to disable
2026-01-29 07:15:11.291 INFO  o.s.b.d.env.DevToolsPropertyDefaultsPostProcessor :250  [32m                  [0;39m For additional web related logging consider setting the 'logging.level.web' property to 'DEBUG'
2026-01-29 07:15:12.437 INFO  o.s.boot.web.embedded.tomcat.TomcatWebServer      :114  [32m                  [0;39m Tomcat initialized with port(s): 8001 (http)
2026-01-29 07:15:12.455 INFO  org.apache.coyote.http11.Http11NioProtocol        :173  [32m                  [0;39m Initializing ProtocolHandler ["http-nio-8001"]
2026-01-29 07:15:12.456 INFO  org.apache.catalina.core.StandardService          :173  [32m                  [0;39m Starting service [Tomcat]
2026-01-29 07:15:12.456 INFO  org.apache.catalina.core.StandardEngine           :173  [32m                  [0;39m Starting Servlet engine: [Apache Tomcat/10.1.1]
2026-01-29 07:15:12.509 INFO  o.a.c.c.C.[Tomcat].[localhost].[/member]          :173  [32m                  [0;39m Initializing Spring embedded WebApplicationContext
2026-01-29 07:15:12.509 INFO  o.s.b.w.s.c.ServletWebServerApplicationContext    :291  [32m                  [0;39m Root WebApplicationContext: initialization completed in 1218 ms
2026-01-29 07:15:13.176 WARN  o.s.core.LocalVariableTableParameterNameDiscoverer:123  [32m                  [0;39m Using deprecated '-debug' fallback for parameter name resolution. Compile the affected code with '-parameters' instead or avoid its introspection: com.github.pagehelper.autoconfigure.PageHelperStandardProperties
2026-01-29 07:15:13.297 INFO  o.s.b.d.autoconfigure.OptionalLiveReloadServer    :59   [32m                  [0;39m LiveReload server is running on port 35729
2026-01-29 07:15:13.309 INFO  org.apache.coyote.http11.Http11NioProtocol        :173  [32m                  [0;39m Starting ProtocolHandler ["http-nio-8001"]
2026-01-29 07:15:13.325 INFO  o.s.boot.web.embedded.tomcat.TomcatWebServer      :226  [32m                  [0;39m Tomcat started on port(s): 8001 (http) with context path '/member'
2026-01-29 07:15:13.331 INFO  org.wuyang.member.config.MemberApplication        :57   [32m                  [0;39m Started MemberApplication in 2.573 seconds (process running for 4.649)
2026-01-29 07:15:13.332 INFO  org.wuyang.member.config.MemberApplication        :21   [32m                  [0;39m 启动成功！！
2026-01-29 07:15:13.333 INFO  org.wuyang.member.config.MemberApplication        :22   [32m                  [0;39m 测试地址: 	http://127.0.0.1:8001/member/hello
2026-01-29 07:15:31.264 INFO  o.a.c.c.C.[Tomcat].[localhost].[/member]          :173  [32m                  [0;39m Initializing Spring DispatcherServlet 'dispatcherServlet'
2026-01-29 07:15:31.264 INFO  org.springframework.web.servlet.DispatcherServlet :525  [32m                  [0;39m Initializing Servlet 'dispatcherServlet'
2026-01-29 07:15:31.265 INFO  org.springframework.web.servlet.DispatcherServlet :547  [32m                  [0;39m Completed initialization in 1 ms
2026-01-29 07:15:31.411 INFO  org.wuyang.common.aspect.LogAspect                :48   [32m1769642131283ki7  [0;39m ------------- 开始 -------------
2026-01-29 07:15:31.411 ERROR o.w.common.controller.ControllerExceptionHandler  :66   [32m1769642131283c74  [0;39m 校验异常：【短信验证码】不能为空
2026-01-29 07:15:31.412 INFO  org.wuyang.common.aspect.LogAspect                :49   [32m1769642131283ki7  [0;39m 请求地址: http://127.0.0.1:8001/member/member/send-code POST
2026-01-29 07:15:31.412 INFO  org.wuyang.common.aspect.LogAspect                :50   [32m1769642131283ki7  [0;39m 类名方法: org.wuyang.member.controller.MemberController.sendCode
2026-01-29 07:15:31.412 INFO  org.wuyang.common.aspect.LogAspect                :51   [32m1769642131283ki7  [0;39m 远程地址: 127.0.0.1
2026-01-29 07:15:31.454 WARN  o.s.w.s.m.m.a.ExceptionHandlerExceptionResolver   :207  [32m1769642131283c74  [0;39m Resolved [org.springframework.web.bind.MethodArgumentNotValidException: Validation failed for argument [0] in public org.wuyang.common.resp.CommonResp<org.wuyang.common.resp.MemberLoginResp> org.wuyang.member.controller.MemberController.login(org.wuyang.member.resq.MemberLoginReq): [Field error in object 'memberLoginReq' on field 'code': rejected value []; codes [NotBlank.memberLoginReq.code,NotBlank.code,NotBlank.java.lang.String,NotBlank]; arguments [org.springframework.context.support.DefaultMessageSourceResolvable: codes [memberLoginReq.code,code]; arguments []; default message [code]]; default message [【短信验证码】不能为空]] ]
2026-01-29 07:15:31.496 INFO  org.wuyang.common.aspect.LogAspect                :72   [32m1769642131283ki7  [0;39m 请求参数: [{"mobile":"17689401847"}]
2026-01-29 07:15:31.543 INFO  com.zaxxer.hikari.HikariDataSource                :110  [32m1769642131283ki7  [0;39m HikariPool-1 - Starting...
2026-01-29 07:15:32.890 INFO  org.wuyang.common.aspect.LogAspect                :48   [32m1769642132889ojj  [0;39m ------------- 开始 -------------
2026-01-29 07:15:32.890 INFO  org.wuyang.common.aspect.LogAspect                :49   [32m1769642132889ojj  [0;39m 请求地址: http://127.0.0.1:8001/member/member/send-code POST
2026-01-29 07:15:32.890 INFO  org.wuyang.common.aspect.LogAspect                :50   [32m1769642132889ojj  [0;39m 类名方法: org.wuyang.member.controller.MemberController.sendCode
2026-01-29 07:15:32.891 INFO  org.wuyang.common.aspect.LogAspect                :51   [32m1769642132889ojj  [0;39m 远程地址: 127.0.0.1
2026-01-29 07:15:32.891 INFO  org.wuyang.common.aspect.LogAspect                :72   [32m1769642132889ojj  [0;39m 请求参数: [{"mobile":"17689401847"}]
2026-01-29 07:15:36.595 INFO  org.wuyang.common.aspect.LogAspect                :48   [32m17696421365955er  [0;39m ------------- 开始 -------------
2026-01-29 07:15:36.596 INFO  org.wuyang.common.aspect.LogAspect                :49   [32m17696421365955er  [0;39m 请求地址: http://127.0.0.1:8001/member/member/send-code POST
2026-01-29 07:15:36.596 INFO  org.wuyang.common.aspect.LogAspect                :50   [32m17696421365955er  [0;39m 类名方法: org.wuyang.member.controller.MemberController.sendCode
2026-01-29 07:15:36.596 INFO  org.wuyang.common.aspect.LogAspect                :51   [32m17696421365955er  [0;39m 远程地址: 127.0.0.1
2026-01-29 07:15:36.596 INFO  org.wuyang.common.aspect.LogAspect                :72   [32m17696421365955er  [0;39m 请求参数: [{"mobile":"17689401847"}]
2026-01-29 07:15:36.979 INFO  com.zaxxer.hikari.pool.HikariPool                 :565  [32m1769642131283ki7  [0;39m HikariPool-1 - Added connection com.mysql.cj.jdbc.ConnectionImpl@562f050f
2026-01-29 07:15:36.980 INFO  com.zaxxer.hikari.HikariDataSource                :123  [32m1769642131283ki7  [0;39m HikariPool-1 - Start completed.
2026-01-29 07:15:36.986 DEBUG o.w.member.mapper.MemberMapper.selectByExample    :137  [32m1769642132889ojj  [0;39m ==>  Preparing: select id, mobile from member WHERE ( mobile = ? )
2026-01-29 07:15:36.995 DEBUG o.w.member.mapper.MemberMapper.selectByExample    :137  [32m17696421365955er  [0;39m ==>  Preparing: select id, mobile from member WHERE ( mobile = ? )
2026-01-29 07:15:37.003 DEBUG o.w.member.mapper.MemberMapper.selectByExample    :137  [32m17696421365955er  [0;39m ==> Parameters: 17689401847(String)
2026-01-29 07:15:37.003 DEBUG o.w.member.mapper.MemberMapper.selectByExample    :137  [32m1769642132889ojj  [0;39m ==> Parameters: 17689401847(String)
2026-01-29 07:15:37.043 DEBUG o.w.member.mapper.MemberMapper.selectByExample    :137  [32m1769642131283ki7  [0;39m ==>  Preparing: select id, mobile from member WHERE ( mobile = ? )
2026-01-29 07:15:37.044 DEBUG o.w.member.mapper.MemberMapper.selectByExample    :137  [32m1769642131283ki7  [0;39m ==> Parameters: 17689401847(String)
2026-01-29 07:15:37.045 TRACE o.w.member.mapper.MemberMapper.selectByExample    :143  [32m1769642132889ojj  [0;39m <==    Columns: id, mobile
2026-01-29 07:15:37.045 TRACE o.w.member.mapper.MemberMapper.selectByExample    :143  [32m17696421365955er  [0;39m <==    Columns: id, mobile
2026-01-29 07:15:37.045 TRACE o.w.member.mapper.MemberMapper.selectByExample    :143  [32m1769642132889ojj  [0;39m <==        Row: 2012077856087216128, 17689401847
2026-01-29 07:15:37.045 TRACE o.w.member.mapper.MemberMapper.selectByExample    :143  [32m17696421365955er  [0;39m <==        Row: 2012077856087216128, 17689401847
2026-01-29 07:15:37.045 TRACE o.w.member.mapper.MemberMapper.selectByExample    :143  [32m1769642131283ki7  [0;39m <==    Columns: id, mobile
2026-01-29 07:15:37.045 TRACE o.w.member.mapper.MemberMapper.selectByExample    :143  [32m1769642131283ki7  [0;39m <==        Row: 2012077856087216128, 17689401847
2026-01-29 07:15:37.047 DEBUG o.w.member.mapper.MemberMapper.selectByExample    :137  [32m17696421365955er  [0;39m <==      Total: 1
2026-01-29 07:15:37.047 DEBUG o.w.member.mapper.MemberMapper.selectByExample    :137  [32m1769642131283ki7  [0;39m <==      Total: 1
2026-01-29 07:15:37.047 DEBUG o.w.member.mapper.MemberMapper.selectByExample    :137  [32m1769642132889ojj  [0;39m <==      Total: 1
2026-01-29 07:15:37.053 INFO  org.wuyang.member.service.MemberService           :61   [32m1769642131283ki7  [0;39m 手机号存在，不插入记录
2026-01-29 07:15:37.053 INFO  org.wuyang.member.service.MemberService           :61   [32m17696421365955er  [0;39m 手机号存在，不插入记录
2026-01-29 07:15:37.053 INFO  org.wuyang.member.service.MemberService           :61   [32m1769642132889ojj  [0;39m 手机号存在，不插入记录
2026-01-29 07:15:37.054 INFO  org.wuyang.member.service.MemberService           :67   [32m1769642131283ki7  [0;39m 生成短信验证码：8888
2026-01-29 07:15:37.054 INFO  org.wuyang.member.service.MemberService           :67   [32m17696421365955er  [0;39m 生成短信验证码：8888
2026-01-29 07:15:37.054 INFO  org.wuyang.member.service.MemberService           :67   [32m1769642132889ojj  [0;39m 生成短信验证码：8888
2026-01-29 07:15:37.054 INFO  org.wuyang.member.service.MemberService           :69   [32m1769642131283ki7  [0;39m 保存短信记录表
2026-01-29 07:15:37.054 INFO  org.wuyang.member.service.MemberService           :69   [32m17696421365955er  [0;39m 保存短信记录表
2026-01-29 07:15:37.054 INFO  org.wuyang.member.service.MemberService           :69   [32m1769642132889ojj  [0;39m 保存短信记录表
2026-01-29 07:15:37.054 INFO  org.wuyang.member.service.MemberService           :71   [32m1769642131283ki7  [0;39m 对接短信通道
2026-01-29 07:15:37.054 INFO  org.wuyang.member.service.MemberService           :71   [32m17696421365955er  [0;39m 对接短信通道
2026-01-29 07:15:37.054 INFO  org.wuyang.member.service.MemberService           :71   [32m1769642132889ojj  [0;39m 对接短信通道
2026-01-29 07:15:37.056 INFO  org.wuyang.common.aspect.LogAspect                :84   [32m1769642131283ki7  [0;39m 返回结果: {"success":true}
2026-01-29 07:15:37.056 INFO  org.wuyang.common.aspect.LogAspect                :84   [32m1769642132889ojj  [0;39m 返回结果: {"success":true}
2026-01-29 07:15:37.056 INFO  org.wuyang.common.aspect.LogAspect                :84   [32m17696421365955er  [0;39m 返回结果: {"success":true}
2026-01-29 07:15:37.058 INFO  org.wuyang.common.aspect.LogAspect                :85   [32m1769642131283ki7  [0;39m ------------- 结束 耗时：5647 ms -------------
2026-01-29 07:15:37.058 INFO  org.wuyang.common.aspect.LogAspect                :85   [32m1769642132889ojj  [0;39m ------------- 结束 耗时：4168 ms -------------
2026-01-29 07:15:37.058 INFO  org.wuyang.common.aspect.LogAspect                :85   [32m17696421365955er  [0;39m ------------- 结束 耗时：463 ms -------------
2026-01-29 07:15:38.390 INFO  org.wuyang.common.aspect.LogAspect                :48   [32m1769642138389frt  [0;39m ------------- 开始 -------------
2026-01-29 07:15:38.390 INFO  org.wuyang.common.aspect.LogAspect                :49   [32m1769642138389frt  [0;39m 请求地址: http://127.0.0.1:8001/member/member/login POST
2026-01-29 07:15:38.390 INFO  org.wuyang.common.aspect.LogAspect                :50   [32m1769642138389frt  [0;39m 类名方法: org.wuyang.member.controller.MemberController.login
2026-01-29 07:15:38.390 INFO  org.wuyang.common.aspect.LogAspect                :51   [32m1769642138389frt  [0;39m 远程地址: 127.0.0.1
2026-01-29 07:15:38.392 INFO  org.wuyang.common.aspect.LogAspect                :72   [32m1769642138389frt  [0;39m 请求参数: [{"code":"8888","mobile":"17689401847"}]
2026-01-29 07:15:38.393 DEBUG o.w.member.mapper.MemberMapper.selectByExample    :137  [32m1769642138389frt  [0;39m ==>  Preparing: select id, mobile from member WHERE ( mobile = ? )
2026-01-29 07:15:38.393 DEBUG o.w.member.mapper.MemberMapper.selectByExample    :137  [32m1769642138389frt  [0;39m ==> Parameters: 17689401847(String)
2026-01-29 07:15:38.395 TRACE o.w.member.mapper.MemberMapper.selectByExample    :143  [32m1769642138389frt  [0;39m <==    Columns: id, mobile
2026-01-29 07:15:38.395 TRACE o.w.member.mapper.MemberMapper.selectByExample    :143  [32m1769642138389frt  [0;39m <==        Row: 2012077856087216128, 17689401847
2026-01-29 07:15:38.396 DEBUG o.w.member.mapper.MemberMapper.selectByExample    :137  [32m1769642138389frt  [0;39m <==      Total: 1
2026-01-29 07:15:38.426 INFO  org.wuyang.common.util.JwtUtil                    :25   [32m1769642138389frt  [0;39m 开始生成JWT token，id：2012077856087216128，mobile：17689401847
2026-01-29 07:15:38.449 INFO  org.wuyang.common.util.JwtUtil                    :40   [32m1769642138389frt  [0;39m 生成JWT token：eyJ0eXAiOiJKV1QiLCJhbGciOiJIUzI1NiJ9.eyJuYmYiOjE3Njk2NDIxMzgsIm1vYmlsZSI6IjE3Njg5NDAxODQ3IiwiaWQiOjIwMTIwNzc4NTYwODcyMTYxMjgsImV4cCI6MTc2OTcyODUzOCwiaWF0IjoxNzY5NjQyMTM4fQ.oIJd_pyCkoAtfDjisw8qzt2axnLuLPmzICKWaYEV4tA
2026-01-29 07:15:38.450 INFO  org.wuyang.common.aspect.LogAspect                :84   [32m1769642138389frt  [0;39m 返回结果: {"content":{"id":2012077856087216128,"mobile":"17689401847","token":"eyJ0eXAiOiJKV1QiLCJhbGciOiJIUzI1NiJ9.eyJuYmYiOjE3Njk2NDIxMzgsIm1vYmlsZSI6IjE3Njg5NDAxODQ3IiwiaWQiOjIwMTIwNzc4NTYwODcyMTYxMjgsImV4cCI6MTc2OTcyODUzOCwiaWF0IjoxNzY5NjQyMTM4fQ.oIJd_pyCkoAtfDjisw8qzt2axnLuLPmzICKWaYEV4tA"},"success":true}
2026-01-29 07:15:38.450 INFO  org.wuyang.common.aspect.LogAspect                :85   [32m1769642138389frt  [0;39m ------------- 结束 耗时：60 ms -------------
2026-01-29 07:15:40.063 INFO  org.wuyang.common.interceptor.MemberInterceptor   :23   [32m17696421400634fs  [0;39m MemberInterceptor开始
2026-01-29 07:15:40.064 INFO  org.wuyang.common.interceptor.MemberInterceptor   :27   [32m17696421400634fs  [0;39m 获取会员登录token：eyJ0eXAiOiJKV1QiLCJhbGciOiJIUzI1NiJ9.eyJuYmYiOjE3Njk2NDIxMzgsIm1vYmlsZSI6IjE3Njg5NDAxODQ3IiwiaWQiOjIwMTIwNzc4NTYwODcyMTYxMjgsImV4cCI6MTc2OTcyODUzOCwiaWF0IjoxNzY5NjQyMTM4fQ.oIJd_pyCkoAtfDjisw8qzt2axnLuLPmzICKWaYEV4tA
2026-01-29 07:15:40.069 INFO  org.wuyang.common.util.JwtUtil                    :66   [32m17696421400634fs  [0;39m 根据token获取原始内容：{"mobile":"17689401847","id":2012077856087216128}
2026-01-29 07:15:40.069 INFO  org.wuyang.common.interceptor.MemberInterceptor   :29   [32m17696421400634fs  [0;39m 当前登录会员：{"mobile":"17689401847","id":2012077856087216128}
2026-01-29 07:15:40.073 INFO  org.wuyang.common.interceptor.MemberInterceptor   :33   [32m17696421400634fs  [0;39m MemberInterceptor结束
2026-01-29 07:15:40.085 INFO  org.wuyang.common.aspect.LogAspect                :48   [32m17696421400634fs  [0;39m ------------- 开始 -------------
2026-01-29 07:15:40.085 INFO  org.wuyang.common.aspect.LogAspect                :49   [32m17696421400634fs  [0;39m 请求地址: http://127.0.0.1:8001/member/passenger/query-list GET
2026-01-29 07:15:40.085 INFO  org.wuyang.common.aspect.LogAspect                :50   [32m17696421400634fs  [0;39m 类名方法: org.wuyang.member.controller.PassengerController.queryPassengerList
2026-01-29 07:15:40.085 INFO  org.wuyang.common.aspect.LogAspect                :51   [32m17696421400634fs  [0;39m 远程地址: 127.0.0.1
2026-01-29 07:15:40.086 INFO  org.wuyang.common.aspect.LogAspect                :72   [32m17696421400634fs  [0;39m 请求参数: [{"pageNum":1,"pageSize":3}]
2026-01-29 07:15:40.088 INFO  org.wuyang.member.service.PassengerService        :55   [32m17696421400634fs  [0;39m 查询页码：1
2026-01-29 07:15:40.088 INFO  org.wuyang.member.service.PassengerService        :56   [32m17696421400634fs  [0;39m 每页条数：3
2026-01-29 07:15:40.141 DEBUG o.w.m.mapper.PassengerMapper.selectByExample_COUNT:137  [32m17696421400634fs  [0;39m ==>  Preparing: SELECT count(0) FROM passenger WHERE (member_id = ?)
2026-01-29 07:15:40.142 DEBUG o.w.m.mapper.PassengerMapper.selectByExample_COUNT:137  [32m17696421400634fs  [0;39m ==> Parameters: 2012077856087216128(Long)
2026-01-29 07:15:40.146 TRACE o.w.m.mapper.PassengerMapper.selectByExample_COUNT:143  [32m17696421400634fs  [0;39m <==    Columns: count(0)
2026-01-29 07:15:40.146 TRACE o.w.m.mapper.PassengerMapper.selectByExample_COUNT:143  [32m17696421400634fs  [0;39m <==        Row: 11
2026-01-29 07:15:40.147 DEBUG o.w.m.mapper.PassengerMapper.selectByExample_COUNT:137  [32m17696421400634fs  [0;39m <==      Total: 1
2026-01-29 07:15:40.149 DEBUG o.w.member.mapper.PassengerMapper.selectByExample :137  [32m17696421400634fs  [0;39m ==>  Preparing: select id, member_id, `name`, id_card, `type`, create_time, update_time from passenger WHERE ( member_id = ? ) order by id desc LIMIT ?
2026-01-29 07:15:40.149 DEBUG o.w.member.mapper.PassengerMapper.selectByExample :137  [32m17696421400634fs  [0;39m ==> Parameters: 2012077856087216128(Long), 3(Integer)
2026-01-29 07:15:40.150 TRACE o.w.member.mapper.PassengerMapper.selectByExample :143  [32m17696421400634fs  [0;39m <==    Columns: id, member_id, name, id_card, type, create_time, update_time
2026-01-29 07:15:40.152 TRACE o.w.member.mapper.PassengerMapper.selectByExample :143  [32m17696421400634fs  [0;39m <==        Row: 2016265783474262016, 2012077856087216128, Taylor Swift, 4036991336517778, 1, 2026-01-27 21:43:17, 2026-01-28 07:02:47.116
2026-01-29 07:15:40.152 TRACE o.w.member.mapper.PassengerMapper.selectByExample :143  [32m17696421400634fs  [0;39m <==        Row: 2016265643090907136, 2012077856087216128, 凌俊杰, 4036991336516666, 1, 2026-01-28 05:42:44.374, 2026-01-28 05:42:44.374
2026-01-29 07:15:40.153 TRACE o.w.member.mapper.PassengerMapper.selectByExample :143  [32m17696421400634fs  [0;39m <==        Row: 2016265559771058176, 2012077856087216128, 周杰伦, 4036991336512366, 1, 2026-01-27 13:42:24, 2026-01-28 07:04:33.829
2026-01-29 07:15:40.153 DEBUG o.w.member.mapper.PassengerMapper.selectByExample :137  [32m17696421400634fs  [0;39m <==      Total: 3
2026-01-29 07:15:40.154 INFO  org.wuyang.member.service.PassengerService        :61   [32m17696421400634fs  [0;39m 总行数：11
2026-01-29 07:15:40.154 INFO  org.wuyang.member.service.PassengerService        :62   [32m17696421400634fs  [0;39m 总页数：4
2026-01-29 07:15:40.160 INFO  org.wuyang.common.aspect.LogAspect                :84   [32m17696421400634fs  [0;39m 返回结果: {"content":{"list":[{"createTime":1769521397000,"id":2016265783474262016,"idCard":"4036991336517778","memberId":2012077856087216128,"name":"Taylor Swift","type":"1","updateTime":1769554967116},{"createTime":1769550164374,"id":2016265643090907136,"idCard":"4036991336516666","memberId":2012077856087216128,"name":"凌俊杰","type":"1","updateTime":1769550164374},{"createTime":1769492544000,"id":2016265559771058176,"idCard":"4036991336512366","memberId":2012077856087216128,"name":"周杰伦","type":"1","updateTime":1769555073829}],"total":11},"success":true}
2026-01-29 07:15:40.160 INFO  org.wuyang.common.aspect.LogAspect                :85   [32m17696421400634fs  [0;39m ------------- 结束 耗时：75 ms -------------
2026-01-29 07:17:57.812 INFO  org.wuyang.common.interceptor.MemberInterceptor   :23   [32m1769642277812d1o  [0;39m MemberInterceptor开始
2026-01-29 07:17:57.813 INFO  org.wuyang.common.interceptor.MemberInterceptor   :27   [32m1769642277812d1o  [0;39m 获取会员登录token：eyJ0eXAiOiJKV1QiLCJhbGciOiJIUzI1NiJ9.eyJuYmYiOjE3Njk2NDIxMzgsIm1vYmlsZSI6IjE3Njg5NDAxODQ3IiwiaWQiOjIwMTIwNzc4NTYwODcyMTYxMjgsImV4cCI6MTc2OTcyODUzOCwiaWF0IjoxNzY5NjQyMTM4fQ.oIJd_pyCkoAtfDjisw8qzt2axnLuLPmzICKWaYEV4tA
2026-01-29 07:17:57.813 INFO  org.wuyang.common.util.JwtUtil                    :66   [32m1769642277812d1o  [0;39m 根据token获取原始内容：{"mobile":"17689401847","id":2012077856087216128}
2026-01-29 07:17:57.813 INFO  org.wuyang.common.interceptor.MemberInterceptor   :29   [32m1769642277812d1o  [0;39m 当前登录会员：{"mobile":"17689401847","id":2012077856087216128}
2026-01-29 07:17:57.814 INFO  org.wuyang.common.interceptor.MemberInterceptor   :33   [32m1769642277812d1o  [0;39m MemberInterceptor结束
2026-01-29 07:17:57.814 INFO  org.wuyang.common.aspect.LogAspect                :48   [32m1769642277812d1o  [0;39m ------------- 开始 -------------
2026-01-29 07:17:57.815 INFO  org.wuyang.common.aspect.LogAspect                :49   [32m1769642277812d1o  [0;39m 请求地址: http://127.0.0.1:8001/member/passenger/query-list GET
2026-01-29 07:17:57.815 INFO  org.wuyang.common.aspect.LogAspect                :50   [32m1769642277812d1o  [0;39m 类名方法: org.wuyang.member.controller.PassengerController.queryPassengerList
2026-01-29 07:17:57.815 INFO  org.wuyang.common.aspect.LogAspect                :51   [32m1769642277812d1o  [0;39m 远程地址: 127.0.0.1
2026-01-29 07:17:57.815 INFO  org.wuyang.common.aspect.LogAspect                :72   [32m1769642277812d1o  [0;39m 请求参数: [{"pageNum":1,"pageSize":3}]
2026-01-29 07:17:57.815 INFO  org.wuyang.member.service.PassengerService        :55   [32m1769642277812d1o  [0;39m 查询页码：1
2026-01-29 07:17:57.815 INFO  org.wuyang.member.service.PassengerService        :56   [32m1769642277812d1o  [0;39m 每页条数：3
2026-01-29 07:17:57.818 DEBUG o.w.m.mapper.PassengerMapper.selectByExample_COUNT:137  [32m1769642277812d1o  [0;39m ==>  Preparing: SELECT count(0) FROM passenger WHERE (member_id = ?)
2026-01-29 07:17:57.819 DEBUG o.w.m.mapper.PassengerMapper.selectByExample_COUNT:137  [32m1769642277812d1o  [0;39m ==> Parameters: 2012077856087216128(Long)
2026-01-29 07:17:57.820 TRACE o.w.m.mapper.PassengerMapper.selectByExample_COUNT:143  [32m1769642277812d1o  [0;39m <==    Columns: count(0)
2026-01-29 07:17:57.821 TRACE o.w.m.mapper.PassengerMapper.selectByExample_COUNT:143  [32m1769642277812d1o  [0;39m <==        Row: 11
2026-01-29 07:17:57.821 DEBUG o.w.m.mapper.PassengerMapper.selectByExample_COUNT:137  [32m1769642277812d1o  [0;39m <==      Total: 1
2026-01-29 07:17:57.822 DEBUG o.w.member.mapper.PassengerMapper.selectByExample :137  [32m1769642277812d1o  [0;39m ==>  Preparing: select id, member_id, `name`, id_card, `type`, create_time, update_time from passenger WHERE ( member_id = ? ) order by id desc LIMIT ?
2026-01-29 07:17:57.822 DEBUG o.w.member.mapper.PassengerMapper.selectByExample :137  [32m1769642277812d1o  [0;39m ==> Parameters: 2012077856087216128(Long), 3(Integer)
2026-01-29 07:17:57.823 TRACE o.w.member.mapper.PassengerMapper.selectByExample :143  [32m1769642277812d1o  [0;39m <==    Columns: id, member_id, name, id_card, type, create_time, update_time
2026-01-29 07:17:57.823 TRACE o.w.member.mapper.PassengerMapper.selectByExample :143  [32m1769642277812d1o  [0;39m <==        Row: 2016265783474262016, 2012077856087216128, Taylor Swift, 4036991336517778, 1, 2026-01-27 21:43:17, 2026-01-28 07:02:47.116
2026-01-29 07:17:57.825 TRACE o.w.member.mapper.PassengerMapper.selectByExample :143  [32m1769642277812d1o  [0;39m <==        Row: 2016265643090907136, 2012077856087216128, 凌俊杰, 4036991336516666, 1, 2026-01-28 05:42:44.374, 2026-01-28 05:42:44.374
2026-01-29 07:17:57.825 TRACE o.w.member.mapper.PassengerMapper.selectByExample :143  [32m1769642277812d1o  [0;39m <==        Row: 2016265559771058176, 2012077856087216128, 周杰伦, 4036991336512366, 1, 2026-01-27 13:42:24, 2026-01-28 07:04:33.829
2026-01-29 07:17:57.826 DEBUG o.w.member.mapper.PassengerMapper.selectByExample :137  [32m1769642277812d1o  [0;39m <==      Total: 3
2026-01-29 07:17:57.826 INFO  org.wuyang.member.service.PassengerService        :61   [32m1769642277812d1o  [0;39m 总行数：11
2026-01-29 07:17:57.826 INFO  org.wuyang.member.service.PassengerService        :62   [32m1769642277812d1o  [0;39m 总页数：4
2026-01-29 07:17:57.826 INFO  org.wuyang.common.aspect.LogAspect                :84   [32m1769642277812d1o  [0;39m 返回结果: {"content":{"list":[{"createTime":1769521397000,"id":2016265783474262016,"idCard":"4036991336517778","memberId":2012077856087216128,"name":"Taylor Swift","type":"1","updateTime":1769554967116},{"createTime":1769550164374,"id":2016265643090907136,"idCard":"4036991336516666","memberId":2012077856087216128,"name":"凌俊杰","type":"1","updateTime":1769550164374},{"createTime":1769492544000,"id":2016265559771058176,"idCard":"4036991336512366","memberId":2012077856087216128,"name":"周杰伦","type":"1","updateTime":1769555073829}],"total":11},"success":true}
2026-01-29 07:17:57.826 INFO  org.wuyang.common.aspect.LogAspect                :85   [32m1769642277812d1o  [0;39m ------------- 结束 耗时：12 ms -------------
2026-01-29 07:21:23.910 INFO  org.wuyang.common.interceptor.MemberInterceptor   :23   [32m17696424839107ps  [0;39m MemberInterceptor开始
2026-01-29 07:21:23.910 INFO  org.wuyang.common.interceptor.MemberInterceptor   :27   [32m17696424839107ps  [0;39m 获取会员登录token：eyJ0eXAiOiJKV1QiLCJhbGciOiJIUzI1NiJ9.eyJuYmYiOjE3Njk2NDIxMzgsIm1vYmlsZSI6IjE3Njg5NDAxODQ3IiwiaWQiOjIwMTIwNzc4NTYwODcyMTYxMjgsImV4cCI6MTc2OTcyODUzOCwiaWF0IjoxNzY5NjQyMTM4fQ.oIJd_pyCkoAtfDjisw8qzt2axnLuLPmzICKWaYEV4tA
2026-01-29 07:21:23.910 INFO  org.wuyang.common.util.JwtUtil                    :66   [32m17696424839107ps  [0;39m 根据token获取原始内容：{"mobile":"17689401847","id":2012077856087216128}
2026-01-29 07:21:23.910 INFO  org.wuyang.common.interceptor.MemberInterceptor   :29   [32m17696424839107ps  [0;39m 当前登录会员：{"mobile":"17689401847","id":2012077856087216128}
2026-01-29 07:21:23.911 INFO  org.wuyang.common.interceptor.MemberInterceptor   :33   [32m17696424839107ps  [0;39m MemberInterceptor结束
2026-01-29 07:21:23.912 INFO  org.wuyang.common.aspect.LogAspect                :48   [32m17696424839107ps  [0;39m ------------- 开始 -------------
2026-01-29 07:21:23.912 INFO  org.wuyang.common.aspect.LogAspect                :49   [32m17696424839107ps  [0;39m 请求地址: http://127.0.0.1:8001/member/passenger/query-list GET
2026-01-29 07:21:23.912 INFO  org.wuyang.common.aspect.LogAspect                :50   [32m17696424839107ps  [0;39m 类名方法: org.wuyang.member.controller.PassengerController.queryPassengerList
2026-01-29 07:21:23.912 INFO  org.wuyang.common.aspect.LogAspect                :51   [32m17696424839107ps  [0;39m 远程地址: 127.0.0.1
2026-01-29 07:21:23.912 INFO  org.wuyang.common.aspect.LogAspect                :72   [32m17696424839107ps  [0;39m 请求参数: [{"pageNum":1,"pageSize":3}]
2026-01-29 07:21:23.912 INFO  org.wuyang.member.service.PassengerService        :55   [32m17696424839107ps  [0;39m 查询页码：1
2026-01-29 07:21:23.912 INFO  org.wuyang.member.service.PassengerService        :56   [32m17696424839107ps  [0;39m 每页条数：3
2026-01-29 07:21:23.915 DEBUG o.w.m.mapper.PassengerMapper.selectByExample_COUNT:137  [32m17696424839107ps  [0;39m ==>  Preparing: SELECT count(0) FROM passenger WHERE (member_id = ?)
2026-01-29 07:21:23.916 DEBUG o.w.m.mapper.PassengerMapper.selectByExample_COUNT:137  [32m17696424839107ps  [0;39m ==> Parameters: 2012077856087216128(Long)
2026-01-29 07:21:23.917 TRACE o.w.m.mapper.PassengerMapper.selectByExample_COUNT:143  [32m17696424839107ps  [0;39m <==    Columns: count(0)
2026-01-29 07:21:23.918 TRACE o.w.m.mapper.PassengerMapper.selectByExample_COUNT:143  [32m17696424839107ps  [0;39m <==        Row: 11
2026-01-29 07:21:23.918 DEBUG o.w.m.mapper.PassengerMapper.selectByExample_COUNT:137  [32m17696424839107ps  [0;39m <==      Total: 1
2026-01-29 07:21:23.919 DEBUG o.w.member.mapper.PassengerMapper.selectByExample :137  [32m17696424839107ps  [0;39m ==>  Preparing: select id, member_id, `name`, id_card, `type`, create_time, update_time from passenger WHERE ( member_id = ? ) order by id desc LIMIT ?
2026-01-29 07:21:23.919 DEBUG o.w.member.mapper.PassengerMapper.selectByExample :137  [32m17696424839107ps  [0;39m ==> Parameters: 2012077856087216128(Long), 3(Integer)
2026-01-29 07:21:23.921 TRACE o.w.member.mapper.PassengerMapper.selectByExample :143  [32m17696424839107ps  [0;39m <==    Columns: id, member_id, name, id_card, type, create_time, update_time
2026-01-29 07:21:23.921 TRACE o.w.member.mapper.PassengerMapper.selectByExample :143  [32m17696424839107ps  [0;39m <==        Row: 2016265783474262016, 2012077856087216128, Taylor Swift, 4036991336517778, 1, 2026-01-27 21:43:17, 2026-01-28 07:02:47.116
2026-01-29 07:21:23.922 TRACE o.w.member.mapper.PassengerMapper.selectByExample :143  [32m17696424839107ps  [0;39m <==        Row: 2016265643090907136, 2012077856087216128, 凌俊杰, 4036991336516666, 1, 2026-01-28 05:42:44.374, 2026-01-28 05:42:44.374
2026-01-29 07:21:23.922 TRACE o.w.member.mapper.PassengerMapper.selectByExample :143  [32m17696424839107ps  [0;39m <==        Row: 2016265559771058176, 2012077856087216128, 周杰伦, 4036991336512366, 1, 2026-01-27 13:42:24, 2026-01-28 07:04:33.829
2026-01-29 07:21:23.923 DEBUG o.w.member.mapper.PassengerMapper.selectByExample :137  [32m17696424839107ps  [0;39m <==      Total: 3
2026-01-29 07:21:23.923 INFO  org.wuyang.member.service.PassengerService        :61   [32m17696424839107ps  [0;39m 总行数：11
2026-01-29 07:21:23.923 INFO  org.wuyang.member.service.PassengerService        :62   [32m17696424839107ps  [0;39m 总页数：4
2026-01-29 07:21:23.923 INFO  org.wuyang.common.aspect.LogAspect                :84   [32m17696424839107ps  [0;39m 返回结果: {"content":{"list":[{"createTime":1769521397000,"id":2016265783474262016,"idCard":"4036991336517778","memberId":2012077856087216128,"name":"Taylor Swift","type":"1","updateTime":1769554967116},{"createTime":1769550164374,"id":2016265643090907136,"idCard":"4036991336516666","memberId":2012077856087216128,"name":"凌俊杰","type":"1","updateTime":1769550164374},{"createTime":1769492544000,"id":2016265559771058176,"idCard":"4036991336512366","memberId":2012077856087216128,"name":"周杰伦","type":"1","updateTime":1769555073829}],"total":11},"success":true}
2026-01-29 07:21:23.923 INFO  org.wuyang.common.aspect.LogAspect                :85   [32m17696424839107ps  [0;39m ------------- 结束 耗时：11 ms -------------
2026-01-29 07:28:45.497 INFO  org.wuyang.common.interceptor.MemberInterceptor   :23   [32m1769642925497lxy  [0;39m MemberInterceptor开始
2026-01-29 07:28:45.498 INFO  org.wuyang.common.interceptor.MemberInterceptor   :27   [32m1769642925497lxy  [0;39m 获取会员登录token：eyJ0eXAiOiJKV1QiLCJhbGciOiJIUzI1NiJ9.eyJuYmYiOjE3Njk2NDIxMzgsIm1vYmlsZSI6IjE3Njg5NDAxODQ3IiwiaWQiOjIwMTIwNzc4NTYwODcyMTYxMjgsImV4cCI6MTc2OTcyODUzOCwiaWF0IjoxNzY5NjQyMTM4fQ.oIJd_pyCkoAtfDjisw8qzt2axnLuLPmzICKWaYEV4tA
2026-01-29 07:28:45.498 INFO  org.wuyang.common.util.JwtUtil                    :66   [32m1769642925497lxy  [0;39m 根据token获取原始内容：{"mobile":"17689401847","id":2012077856087216128}
2026-01-29 07:28:45.498 INFO  org.wuyang.common.interceptor.MemberInterceptor   :29   [32m1769642925497lxy  [0;39m 当前登录会员：{"mobile":"17689401847","id":2012077856087216128}
2026-01-29 07:28:45.499 INFO  org.wuyang.common.interceptor.MemberInterceptor   :33   [32m1769642925497lxy  [0;39m MemberInterceptor结束
2026-01-29 07:28:45.499 INFO  org.wuyang.common.aspect.LogAspect                :48   [32m1769642925497lxy  [0;39m ------------- 开始 -------------
2026-01-29 07:28:45.500 INFO  org.wuyang.common.aspect.LogAspect                :49   [32m1769642925497lxy  [0;39m 请求地址: http://127.0.0.1:8001/member/passenger/query-list GET
2026-01-29 07:28:45.500 INFO  org.wuyang.common.aspect.LogAspect                :50   [32m1769642925497lxy  [0;39m 类名方法: org.wuyang.member.controller.PassengerController.queryPassengerList
2026-01-29 07:28:45.500 INFO  org.wuyang.common.aspect.LogAspect                :51   [32m1769642925497lxy  [0;39m 远程地址: 127.0.0.1
2026-01-29 07:28:45.500 INFO  org.wuyang.common.aspect.LogAspect                :72   [32m1769642925497lxy  [0;39m 请求参数: [{"pageNum":1,"pageSize":3}]
2026-01-29 07:28:45.500 INFO  org.wuyang.member.service.PassengerService        :55   [32m1769642925497lxy  [0;39m 查询页码：1
2026-01-29 07:28:45.500 INFO  org.wuyang.member.service.PassengerService        :56   [32m1769642925497lxy  [0;39m 每页条数：3
2026-01-29 07:28:45.505 DEBUG o.w.m.mapper.PassengerMapper.selectByExample_COUNT:137  [32m1769642925497lxy  [0;39m ==>  Preparing: SELECT count(0) FROM passenger WHERE (member_id = ?)
2026-01-29 07:28:45.505 DEBUG o.w.m.mapper.PassengerMapper.selectByExample_COUNT:137  [32m1769642925497lxy  [0;39m ==> Parameters: 2012077856087216128(Long)
2026-01-29 07:28:45.507 TRACE o.w.m.mapper.PassengerMapper.selectByExample_COUNT:143  [32m1769642925497lxy  [0;39m <==    Columns: count(0)
2026-01-29 07:28:45.507 TRACE o.w.m.mapper.PassengerMapper.selectByExample_COUNT:143  [32m1769642925497lxy  [0;39m <==        Row: 11
2026-01-29 07:28:45.508 DEBUG o.w.m.mapper.PassengerMapper.selectByExample_COUNT:137  [32m1769642925497lxy  [0;39m <==      Total: 1
2026-01-29 07:28:45.508 DEBUG o.w.member.mapper.PassengerMapper.selectByExample :137  [32m1769642925497lxy  [0;39m ==>  Preparing: select id, member_id, `name`, id_card, `type`, create_time, update_time from passenger WHERE ( member_id = ? ) order by id desc LIMIT ?
2026-01-29 07:28:45.509 DEBUG o.w.member.mapper.PassengerMapper.selectByExample :137  [32m1769642925497lxy  [0;39m ==> Parameters: 2012077856087216128(Long), 3(Integer)
2026-01-29 07:28:45.511 TRACE o.w.member.mapper.PassengerMapper.selectByExample :143  [32m1769642925497lxy  [0;39m <==    Columns: id, member_id, name, id_card, type, create_time, update_time
2026-01-29 07:28:45.512 TRACE o.w.member.mapper.PassengerMapper.selectByExample :143  [32m1769642925497lxy  [0;39m <==        Row: 2016265783474262016, 2012077856087216128, Taylor Swift, 4036991336517778, 1, 2026-01-27 21:43:17, 2026-01-28 07:02:47.116
2026-01-29 07:28:45.513 TRACE o.w.member.mapper.PassengerMapper.selectByExample :143  [32m1769642925497lxy  [0;39m <==        Row: 2016265643090907136, 2012077856087216128, 凌俊杰, 4036991336516666, 1, 2026-01-28 05:42:44.374, 2026-01-28 05:42:44.374
2026-01-29 07:28:45.514 TRACE o.w.member.mapper.PassengerMapper.selectByExample :143  [32m1769642925497lxy  [0;39m <==        Row: 2016265559771058176, 2012077856087216128, 周杰伦, 4036991336512366, 1, 2026-01-27 13:42:24, 2026-01-28 07:04:33.829
2026-01-29 07:28:45.514 DEBUG o.w.member.mapper.PassengerMapper.selectByExample :137  [32m1769642925497lxy  [0;39m <==      Total: 3
2026-01-29 07:28:45.515 INFO  org.wuyang.member.service.PassengerService        :61   [32m1769642925497lxy  [0;39m 总行数：11
2026-01-29 07:28:45.515 INFO  org.wuyang.member.service.PassengerService        :62   [32m1769642925497lxy  [0;39m 总页数：4
2026-01-29 07:28:45.516 INFO  org.wuyang.common.aspect.LogAspect                :84   [32m1769642925497lxy  [0;39m 返回结果: {"content":{"list":[{"createTime":1769521397000,"id":2016265783474262016,"idCard":"4036991336517778","memberId":2012077856087216128,"name":"Taylor Swift","type":"1","updateTime":1769554967116},{"createTime":1769550164374,"id":2016265643090907136,"idCard":"4036991336516666","memberId":2012077856087216128,"name":"凌俊杰","type":"1","updateTime":1769550164374},{"createTime":1769492544000,"id":2016265559771058176,"idCard":"4036991336512366","memberId":2012077856087216128,"name":"周杰伦","type":"1","updateTime":1769555073829}],"total":11},"success":true}
2026-01-29 07:28:45.516 INFO  org.wuyang.common.aspect.LogAspect                :85   [32m1769642925497lxy  [0;39m ------------- 结束 耗时：17 ms -------------
2026-01-29 07:29:13.123 INFO  org.wuyang.common.interceptor.MemberInterceptor   :23   [32m1769642953123rok  [0;39m MemberInterceptor开始
2026-01-29 07:29:13.124 INFO  org.wuyang.common.interceptor.MemberInterceptor   :27   [32m1769642953123rok  [0;39m 获取会员登录token：eyJ0eXAiOiJKV1QiLCJhbGciOiJIUzI1NiJ9.eyJuYmYiOjE3Njk2NDIxMzgsIm1vYmlsZSI6IjE3Njg5NDAxODQ3IiwiaWQiOjIwMTIwNzc4NTYwODcyMTYxMjgsImV4cCI6MTc2OTcyODUzOCwiaWF0IjoxNzY5NjQyMTM4fQ.oIJd_pyCkoAtfDjisw8qzt2axnLuLPmzICKWaYEV4tA
2026-01-29 07:29:13.124 INFO  org.wuyang.common.util.JwtUtil                    :66   [32m1769642953123rok  [0;39m 根据token获取原始内容：{"mobile":"17689401847","id":2012077856087216128}
2026-01-29 07:29:13.124 INFO  org.wuyang.common.interceptor.MemberInterceptor   :29   [32m1769642953123rok  [0;39m 当前登录会员：{"mobile":"17689401847","id":2012077856087216128}
2026-01-29 07:29:13.124 INFO  org.wuyang.common.interceptor.MemberInterceptor   :33   [32m1769642953123rok  [0;39m MemberInterceptor结束
2026-01-29 07:29:13.125 INFO  org.wuyang.common.aspect.LogAspect                :48   [32m1769642953123rok  [0;39m ------------- 开始 -------------
2026-01-29 07:29:13.125 INFO  org.wuyang.common.aspect.LogAspect                :49   [32m1769642953123rok  [0;39m 请求地址: http://127.0.0.1:8001/member/passenger/query-list GET
2026-01-29 07:29:13.126 INFO  org.wuyang.common.aspect.LogAspect                :50   [32m1769642953123rok  [0;39m 类名方法: org.wuyang.member.controller.PassengerController.queryPassengerList
2026-01-29 07:29:13.126 INFO  org.wuyang.common.aspect.LogAspect                :51   [32m1769642953123rok  [0;39m 远程地址: 127.0.0.1
2026-01-29 07:29:13.126 INFO  org.wuyang.common.aspect.LogAspect                :72   [32m1769642953123rok  [0;39m 请求参数: [{"pageNum":1,"pageSize":3}]
2026-01-29 07:29:13.126 INFO  org.wuyang.member.service.PassengerService        :55   [32m1769642953123rok  [0;39m 查询页码：1
2026-01-29 07:29:13.126 INFO  org.wuyang.member.service.PassengerService        :56   [32m1769642953123rok  [0;39m 每页条数：3
2026-01-29 07:29:13.130 DEBUG o.w.m.mapper.PassengerMapper.selectByExample_COUNT:137  [32m1769642953123rok  [0;39m ==>  Preparing: SELECT count(0) FROM passenger WHERE (member_id = ?)
2026-01-29 07:29:13.131 DEBUG o.w.m.mapper.PassengerMapper.selectByExample_COUNT:137  [32m1769642953123rok  [0;39m ==> Parameters: 2012077856087216128(Long)
2026-01-29 07:29:13.132 TRACE o.w.m.mapper.PassengerMapper.selectByExample_COUNT:143  [32m1769642953123rok  [0;39m <==    Columns: count(0)
2026-01-29 07:29:13.132 TRACE o.w.m.mapper.PassengerMapper.selectByExample_COUNT:143  [32m1769642953123rok  [0;39m <==        Row: 11
2026-01-29 07:29:13.132 DEBUG o.w.m.mapper.PassengerMapper.selectByExample_COUNT:137  [32m1769642953123rok  [0;39m <==      Total: 1
2026-01-29 07:29:13.133 DEBUG o.w.member.mapper.PassengerMapper.selectByExample :137  [32m1769642953123rok  [0;39m ==>  Preparing: select id, member_id, `name`, id_card, `type`, create_time, update_time from passenger WHERE ( member_id = ? ) order by id desc LIMIT ?
2026-01-29 07:29:13.133 DEBUG o.w.member.mapper.PassengerMapper.selectByExample :137  [32m1769642953123rok  [0;39m ==> Parameters: 2012077856087216128(Long), 3(Integer)
2026-01-29 07:29:13.135 TRACE o.w.member.mapper.PassengerMapper.selectByExample :143  [32m1769642953123rok  [0;39m <==    Columns: id, member_id, name, id_card, type, create_time, update_time
2026-01-29 07:29:13.135 TRACE o.w.member.mapper.PassengerMapper.selectByExample :143  [32m1769642953123rok  [0;39m <==        Row: 2016265783474262016, 2012077856087216128, Taylor Swift, 4036991336517778, 1, 2026-01-27 21:43:17, 2026-01-28 07:02:47.116
2026-01-29 07:29:13.136 TRACE o.w.member.mapper.PassengerMapper.selectByExample :143  [32m1769642953123rok  [0;39m <==        Row: 2016265643090907136, 2012077856087216128, 凌俊杰, 4036991336516666, 1, 2026-01-28 05:42:44.374, 2026-01-28 05:42:44.374
2026-01-29 07:29:13.137 TRACE o.w.member.mapper.PassengerMapper.selectByExample :143  [32m1769642953123rok  [0;39m <==        Row: 2016265559771058176, 2012077856087216128, 周杰伦, 4036991336512366, 1, 2026-01-27 13:42:24, 2026-01-28 07:04:33.829
2026-01-29 07:29:13.137 DEBUG o.w.member.mapper.PassengerMapper.selectByExample :137  [32m1769642953123rok  [0;39m <==      Total: 3
2026-01-29 07:29:13.137 INFO  org.wuyang.member.service.PassengerService        :61   [32m1769642953123rok  [0;39m 总行数：11
2026-01-29 07:29:13.137 INFO  org.wuyang.member.service.PassengerService        :62   [32m1769642953123rok  [0;39m 总页数：4
2026-01-29 07:29:13.138 INFO  org.wuyang.common.aspect.LogAspect                :84   [32m1769642953123rok  [0;39m 返回结果: {"content":{"list":[{"createTime":1769521397000,"id":2016265783474262016,"idCard":"4036991336517778","memberId":2012077856087216128,"name":"Taylor Swift","type":"1","updateTime":1769554967116},{"createTime":1769550164374,"id":2016265643090907136,"idCard":"4036991336516666","memberId":2012077856087216128,"name":"凌俊杰","type":"1","updateTime":1769550164374},{"createTime":1769492544000,"id":2016265559771058176,"idCard":"4036991336512366","memberId":2012077856087216128,"name":"周杰伦","type":"1","updateTime":1769555073829}],"total":11},"success":true}
2026-01-29 07:29:13.138 INFO  org.wuyang.common.aspect.LogAspect                :85   [32m1769642953123rok  [0;39m ------------- 结束 耗时：13 ms -------------
2026-01-29 07:30:56.675 INFO  org.wuyang.common.interceptor.MemberInterceptor   :23   [32m1769643056675swo  [0;39m MemberInterceptor开始
2026-01-29 07:30:56.675 INFO  org.wuyang.common.interceptor.MemberInterceptor   :27   [32m1769643056675swo  [0;39m 获取会员登录token：eyJ0eXAiOiJKV1QiLCJhbGciOiJIUzI1NiJ9.eyJuYmYiOjE3Njk2NDIxMzgsIm1vYmlsZSI6IjE3Njg5NDAxODQ3IiwiaWQiOjIwMTIwNzc4NTYwODcyMTYxMjgsImV4cCI6MTc2OTcyODUzOCwiaWF0IjoxNzY5NjQyMTM4fQ.oIJd_pyCkoAtfDjisw8qzt2axnLuLPmzICKWaYEV4tA
2026-01-29 07:30:56.675 INFO  org.wuyang.common.util.JwtUtil                    :66   [32m1769643056675swo  [0;39m 根据token获取原始内容：{"mobile":"17689401847","id":2012077856087216128}
2026-01-29 07:30:56.675 INFO  org.wuyang.common.interceptor.MemberInterceptor   :29   [32m1769643056675swo  [0;39m 当前登录会员：{"mobile":"17689401847","id":2012077856087216128}
2026-01-29 07:30:56.676 INFO  org.wuyang.common.interceptor.MemberInterceptor   :33   [32m1769643056675swo  [0;39m MemberInterceptor结束
2026-01-29 07:30:56.676 INFO  org.wuyang.common.aspect.LogAspect                :48   [32m1769643056675swo  [0;39m ------------- 开始 -------------
2026-01-29 07:30:56.676 INFO  org.wuyang.common.aspect.LogAspect                :49   [32m1769643056675swo  [0;39m 请求地址: http://127.0.0.1:8001/member/passenger/query-list GET
2026-01-29 07:30:56.676 INFO  org.wuyang.common.aspect.LogAspect                :50   [32m1769643056675swo  [0;39m 类名方法: org.wuyang.member.controller.PassengerController.queryPassengerList
2026-01-29 07:30:56.677 INFO  org.wuyang.common.aspect.LogAspect                :51   [32m1769643056675swo  [0;39m 远程地址: 127.0.0.1
2026-01-29 07:30:56.677 INFO  org.wuyang.common.aspect.LogAspect                :72   [32m1769643056675swo  [0;39m 请求参数: [{"pageNum":1,"pageSize":3}]
2026-01-29 07:30:56.677 INFO  org.wuyang.member.service.PassengerService        :55   [32m1769643056675swo  [0;39m 查询页码：1
2026-01-29 07:30:56.677 INFO  org.wuyang.member.service.PassengerService        :56   [32m1769643056675swo  [0;39m 每页条数：3
2026-01-29 07:30:56.680 DEBUG o.w.m.mapper.PassengerMapper.selectByExample_COUNT:137  [32m1769643056675swo  [0;39m ==>  Preparing: SELECT count(0) FROM passenger WHERE (member_id = ?)
2026-01-29 07:30:56.680 DEBUG o.w.m.mapper.PassengerMapper.selectByExample_COUNT:137  [32m1769643056675swo  [0;39m ==> Parameters: 2012077856087216128(Long)
2026-01-29 07:30:56.681 TRACE o.w.m.mapper.PassengerMapper.selectByExample_COUNT:143  [32m1769643056675swo  [0;39m <==    Columns: count(0)
2026-01-29 07:30:56.682 TRACE o.w.m.mapper.PassengerMapper.selectByExample_COUNT:143  [32m1769643056675swo  [0;39m <==        Row: 11
2026-01-29 07:30:56.682 DEBUG o.w.m.mapper.PassengerMapper.selectByExample_COUNT:137  [32m1769643056675swo  [0;39m <==      Total: 1
2026-01-29 07:30:56.682 DEBUG o.w.member.mapper.PassengerMapper.selectByExample :137  [32m1769643056675swo  [0;39m ==>  Preparing: select id, member_id, `name`, id_card, `type`, create_time, update_time from passenger WHERE ( member_id = ? ) order by id desc LIMIT ?
2026-01-29 07:30:56.683 DEBUG o.w.member.mapper.PassengerMapper.selectByExample :137  [32m1769643056675swo  [0;39m ==> Parameters: 2012077856087216128(Long), 3(Integer)
2026-01-29 07:30:56.684 TRACE o.w.member.mapper.PassengerMapper.selectByExample :143  [32m1769643056675swo  [0;39m <==    Columns: id, member_id, name, id_card, type, create_time, update_time
2026-01-29 07:30:56.685 TRACE o.w.member.mapper.PassengerMapper.selectByExample :143  [32m1769643056675swo  [0;39m <==        Row: 2016265783474262016, 2012077856087216128, Taylor Swift, 4036991336517778, 1, 2026-01-27 21:43:17, 2026-01-28 07:02:47.116
2026-01-29 07:30:56.686 TRACE o.w.member.mapper.PassengerMapper.selectByExample :143  [32m1769643056675swo  [0;39m <==        Row: 2016265643090907136, 2012077856087216128, 凌俊杰, 4036991336516666, 1, 2026-01-28 05:42:44.374, 2026-01-28 05:42:44.374
2026-01-29 07:30:56.688 TRACE o.w.member.mapper.PassengerMapper.selectByExample :143  [32m1769643056675swo  [0;39m <==        Row: 2016265559771058176, 2012077856087216128, 周杰伦, 4036991336512366, 1, 2026-01-27 13:42:24, 2026-01-28 07:04:33.829
2026-01-29 07:30:56.689 DEBUG o.w.member.mapper.PassengerMapper.selectByExample :137  [32m1769643056675swo  [0;39m <==      Total: 3
2026-01-29 07:30:56.690 INFO  org.wuyang.member.service.PassengerService        :61   [32m1769643056675swo  [0;39m 总行数：11
2026-01-29 07:30:56.690 INFO  org.wuyang.member.service.PassengerService        :62   [32m1769643056675swo  [0;39m 总页数：4
2026-01-29 07:30:56.692 INFO  org.wuyang.common.aspect.LogAspect                :84   [32m1769643056675swo  [0;39m 返回结果: {"content":{"list":[{"createTime":1769521397000,"id":2016265783474262016,"idCard":"4036991336517778","memberId":2012077856087216128,"name":"Taylor Swift","type":"1","updateTime":1769554967116},{"createTime":1769550164374,"id":2016265643090907136,"idCard":"4036991336516666","memberId":2012077856087216128,"name":"凌俊杰","type":"1","updateTime":1769550164374},{"createTime":1769492544000,"id":2016265559771058176,"idCard":"4036991336512366","memberId":2012077856087216128,"name":"周杰伦","type":"1","updateTime":1769555073829}],"total":11},"success":true}
2026-01-29 07:30:56.693 INFO  org.wuyang.common.aspect.LogAspect                :85   [32m1769643056675swo  [0;39m ------------- 结束 耗时：17 ms -------------
2026-01-29 07:30:56.703 INFO  org.wuyang.common.interceptor.MemberInterceptor   :23   [32m17696430567036zt  [0;39m MemberInterceptor开始
2026-01-29 07:30:56.703 INFO  org.wuyang.common.interceptor.MemberInterceptor   :27   [32m17696430567036zt  [0;39m 获取会员登录token：eyJ0eXAiOiJKV1QiLCJhbGciOiJIUzI1NiJ9.eyJuYmYiOjE3Njk2NDIxMzgsIm1vYmlsZSI6IjE3Njg5NDAxODQ3IiwiaWQiOjIwMTIwNzc4NTYwODcyMTYxMjgsImV4cCI6MTc2OTcyODUzOCwiaWF0IjoxNzY5NjQyMTM4fQ.oIJd_pyCkoAtfDjisw8qzt2axnLuLPmzICKWaYEV4tA
2026-01-29 07:30:56.703 INFO  org.wuyang.common.util.JwtUtil                    :66   [32m17696430567036zt  [0;39m 根据token获取原始内容：{"mobile":"17689401847","id":2012077856087216128}
2026-01-29 07:30:56.703 INFO  org.wuyang.common.interceptor.MemberInterceptor   :29   [32m17696430567036zt  [0;39m 当前登录会员：{"mobile":"17689401847","id":2012077856087216128}
2026-01-29 07:30:56.704 INFO  org.wuyang.common.interceptor.MemberInterceptor   :33   [32m17696430567036zt  [0;39m MemberInterceptor结束
2026-01-29 07:30:56.705 INFO  org.wuyang.common.aspect.LogAspect                :48   [32m17696430567036zt  [0;39m ------------- 开始 -------------
2026-01-29 07:30:56.705 INFO  org.wuyang.common.aspect.LogAspect                :49   [32m17696430567036zt  [0;39m 请求地址: http://127.0.0.1:8001/member/passenger/query-list GET
2026-01-29 07:30:56.705 INFO  org.wuyang.common.aspect.LogAspect                :50   [32m17696430567036zt  [0;39m 类名方法: org.wuyang.member.controller.PassengerController.queryPassengerList
2026-01-29 07:30:56.705 INFO  org.wuyang.common.aspect.LogAspect                :51   [32m17696430567036zt  [0;39m 远程地址: 127.0.0.1
2026-01-29 07:30:56.705 INFO  org.wuyang.common.aspect.LogAspect                :72   [32m17696430567036zt  [0;39m 请求参数: [{"pageNum":1,"pageSize":3}]
2026-01-29 07:30:56.705 INFO  org.wuyang.member.service.PassengerService        :55   [32m17696430567036zt  [0;39m 查询页码：1
2026-01-29 07:30:56.705 INFO  org.wuyang.member.service.PassengerService        :56   [32m17696430567036zt  [0;39m 每页条数：3
2026-01-29 07:30:56.708 DEBUG o.w.m.mapper.PassengerMapper.selectByExample_COUNT:137  [32m17696430567036zt  [0;39m ==>  Preparing: SELECT count(0) FROM passenger WHERE (member_id = ?)
2026-01-29 07:30:56.709 DEBUG o.w.m.mapper.PassengerMapper.selectByExample_COUNT:137  [32m17696430567036zt  [0;39m ==> Parameters: 2012077856087216128(Long)
2026-01-29 07:30:56.711 TRACE o.w.m.mapper.PassengerMapper.selectByExample_COUNT:143  [32m17696430567036zt  [0;39m <==    Columns: count(0)
2026-01-29 07:30:56.711 TRACE o.w.m.mapper.PassengerMapper.selectByExample_COUNT:143  [32m17696430567036zt  [0;39m <==        Row: 11
2026-01-29 07:30:56.711 DEBUG o.w.m.mapper.PassengerMapper.selectByExample_COUNT:137  [32m17696430567036zt  [0;39m <==      Total: 1
2026-01-29 07:30:56.712 DEBUG o.w.member.mapper.PassengerMapper.selectByExample :137  [32m17696430567036zt  [0;39m ==>  Preparing: select id, member_id, `name`, id_card, `type`, create_time, update_time from passenger WHERE ( member_id = ? ) order by id desc LIMIT ?
2026-01-29 07:30:56.712 DEBUG o.w.member.mapper.PassengerMapper.selectByExample :137  [32m17696430567036zt  [0;39m ==> Parameters: 2012077856087216128(Long), 3(Integer)
2026-01-29 07:30:56.713 TRACE o.w.member.mapper.PassengerMapper.selectByExample :143  [32m17696430567036zt  [0;39m <==    Columns: id, member_id, name, id_card, type, create_time, update_time
2026-01-29 07:30:56.714 TRACE o.w.member.mapper.PassengerMapper.selectByExample :143  [32m17696430567036zt  [0;39m <==        Row: 2016265783474262016, 2012077856087216128, Taylor Swift, 4036991336517778, 1, 2026-01-27 21:43:17, 2026-01-28 07:02:47.116
2026-01-29 07:30:56.714 TRACE o.w.member.mapper.PassengerMapper.selectByExample :143  [32m17696430567036zt  [0;39m <==        Row: 2016265643090907136, 2012077856087216128, 凌俊杰, 4036991336516666, 1, 2026-01-28 05:42:44.374, 2026-01-28 05:42:44.374
2026-01-29 07:30:56.715 TRACE o.w.member.mapper.PassengerMapper.selectByExample :143  [32m17696430567036zt  [0;39m <==        Row: 2016265559771058176, 2012077856087216128, 周杰伦, 4036991336512366, 1, 2026-01-27 13:42:24, 2026-01-28 07:04:33.829
2026-01-29 07:30:56.715 DEBUG o.w.member.mapper.PassengerMapper.selectByExample :137  [32m17696430567036zt  [0;39m <==      Total: 3
2026-01-29 07:30:56.716 INFO  org.wuyang.member.service.PassengerService        :61   [32m17696430567036zt  [0;39m 总行数：11
2026-01-29 07:30:56.716 INFO  org.wuyang.member.service.PassengerService        :62   [32m17696430567036zt  [0;39m 总页数：4
2026-01-29 07:30:56.716 INFO  org.wuyang.common.aspect.LogAspect                :84   [32m17696430567036zt  [0;39m 返回结果: {"content":{"list":[{"createTime":1769521397000,"id":2016265783474262016,"idCard":"4036991336517778","memberId":2012077856087216128,"name":"Taylor Swift","type":"1","updateTime":1769554967116},{"createTime":1769550164374,"id":2016265643090907136,"idCard":"4036991336516666","memberId":2012077856087216128,"name":"凌俊杰","type":"1","updateTime":1769550164374},{"createTime":1769492544000,"id":2016265559771058176,"idCard":"4036991336512366","memberId":2012077856087216128,"name":"周杰伦","type":"1","updateTime":1769555073829}],"total":11},"success":true}
2026-01-29 07:30:56.716 INFO  org.wuyang.common.aspect.LogAspect                :85   [32m17696430567036zt  [0;39m ------------- 结束 耗时：11 ms -------------
