2026-02-11 11:01:45.082 ERROR o.s.b.diagnostics.LoggingFailureAnalysisReporter  :40   [32m                  [0;39m 

***************************
APPLICATION FAILED TO START
***************************

Description:

Binding to target [Bindable@41995027 type = java.util.List<org.springframework.cloud.gateway.handler.predicate.PredicateDefinition>, value = 'provided', annotations = array<Annotation>[@jakarta.validation.constraints.NotEmpty(message="{jakarta.validation.constraints.NotEmpty.message}", payload={}, groups={}), @jakarta.validation.Valid()]] failed:

    Property: spring.cloud.gateway.routes[1].predicates[1]
    Value: "Path=/business/**"
    Origin: class path resource [application.properties] - 10:46
    Reason: The elements [spring.cloud.gateway.routes[1].predicates[1]] were left unbound.

Action:

Update your application's configuration

2026-02-11 11:03:01.820 ERROR o.s.b.diagnostics.LoggingFailureAnalysisReporter  :40   [32m                  [0;39m 

***************************
APPLICATION FAILED TO START
***************************

Description:

Binding to target [Bindable@517ded2d type = java.util.List<org.springframework.cloud.gateway.handler.predicate.PredicateDefinition>, value = 'provided', annotations = array<Annotation>[@jakarta.validation.constraints.NotEmpty(message="{jakarta.validation.constraints.NotEmpty.message}", payload={}, groups={}), @jakarta.validation.Valid()]] failed:

    Property: spring.cloud.gateway.routes[1].predicates[1]
    Value: "Path=/business/**"
    Origin: class path resource [application.properties] - 9:46
    Reason: The elements [spring.cloud.gateway.routes[1].predicates[1]] were left unbound.

Action:

Update your application's configuration

