2026-01-16 12:19:53.337 INFO  org.hibernate.validator.internal.util.Version     :21   [32m                  [0;39m HV000001: Hibernate Validator 8.0.0.Final
2026-01-16 12:19:53.391 INFO  org.wuyang.gateway.config.GatewayApplication      :51   [32m                  [0;39m Starting GatewayApplication using Java 17.0.4.1 with PID 28664 (D:\Users\23889\Desktop\train\gateway\target\classes started by 23889 in D:\Users\23889\Desktop\train)
2026-01-16 12:19:53.391 INFO  org.wuyang.gateway.config.GatewayApplication      :630  [32m                  [0;39m No active profile set, falling back to 1 default profile: "default"
2026-01-16 12:19:54.078 INFO  o.springframework.cloud.context.scope.GenericScope:282  [32m                  [0;39m BeanFactory id=390a6740-1f4b-371e-8b32-9ee7183f016d
2026-01-16 12:19:55.564 INFO  org.springframework.cloud.commons.util.InetUtils  :170  [32m                  [0;39m Cannot determine local hostname
2026-01-16 12:19:55.900 INFO  o.s.c.gateway.route.RouteDefinitionRouteLocator   :88   [32m                  [0;39m Loaded RoutePredicateFactory [After]
2026-01-16 12:19:55.900 INFO  o.s.c.gateway.route.RouteDefinitionRouteLocator   :88   [32m                  [0;39m Loaded RoutePredicateFactory [Before]
2026-01-16 12:19:55.900 INFO  o.s.c.gateway.route.RouteDefinitionRouteLocator   :88   [32m                  [0;39m Loaded RoutePredicateFactory [Between]
2026-01-16 12:19:55.900 INFO  o.s.c.gateway.route.RouteDefinitionRouteLocator   :88   [32m                  [0;39m Loaded RoutePredicateFactory [Cookie]
2026-01-16 12:19:55.900 INFO  o.s.c.gateway.route.RouteDefinitionRouteLocator   :88   [32m                  [0;39m Loaded RoutePredicateFactory [Header]
2026-01-16 12:19:55.900 INFO  o.s.c.gateway.route.RouteDefinitionRouteLocator   :88   [32m                  [0;39m Loaded RoutePredicateFactory [Host]
2026-01-16 12:19:55.900 INFO  o.s.c.gateway.route.RouteDefinitionRouteLocator   :88   [32m                  [0;39m Loaded RoutePredicateFactory [Method]
2026-01-16 12:19:55.900 INFO  o.s.c.gateway.route.RouteDefinitionRouteLocator   :88   [32m                  [0;39m Loaded RoutePredicateFactory [Path]
2026-01-16 12:19:55.901 INFO  o.s.c.gateway.route.RouteDefinitionRouteLocator   :88   [32m                  [0;39m Loaded RoutePredicateFactory [Query]
2026-01-16 12:19:55.901 INFO  o.s.c.gateway.route.RouteDefinitionRouteLocator   :88   [32m                  [0;39m Loaded RoutePredicateFactory [ReadBody]
2026-01-16 12:19:55.901 INFO  o.s.c.gateway.route.RouteDefinitionRouteLocator   :88   [32m                  [0;39m Loaded RoutePredicateFactory [RemoteAddr]
2026-01-16 12:19:55.901 INFO  o.s.c.gateway.route.RouteDefinitionRouteLocator   :88   [32m                  [0;39m Loaded RoutePredicateFactory [XForwardedRemoteAddr]
2026-01-16 12:19:55.901 INFO  o.s.c.gateway.route.RouteDefinitionRouteLocator   :88   [32m                  [0;39m Loaded RoutePredicateFactory [Weight]
2026-01-16 12:19:55.901 INFO  o.s.c.gateway.route.RouteDefinitionRouteLocator   :88   [32m                  [0;39m Loaded RoutePredicateFactory [CloudFoundryRouteService]
2026-01-16 12:19:57.172 INFO  org.springframework.cloud.commons.util.InetUtils  :170  [32m                  [0;39m Cannot determine local hostname
2026-01-16 12:19:57.387 INFO  o.s.boot.web.embedded.netty.NettyWebServer        :111  [32m                  [0;39m Netty started on port 8000
2026-01-16 12:19:58.514 INFO  org.springframework.cloud.commons.util.InetUtils  :170  [32m                  [0;39m Cannot determine local hostname
2026-01-16 12:19:59.715 INFO  org.springframework.cloud.commons.util.InetUtils  :170  [32m                  [0;39m Cannot determine local hostname
2026-01-16 12:19:59.749 INFO  org.wuyang.gateway.config.GatewayApplication      :57   [32m                  [0;39m Started GatewayApplication in 7.958 seconds (process running for 8.876)
2026-01-16 12:19:59.751 INFO  org.wuyang.gateway.config.GatewayApplication      :19   [32m                  [0;39m 启动成功！！
2026-01-16 12:19:59.751 INFO  org.wuyang.gateway.config.GatewayApplication      :20   [32m                  [0;39m 网关地址: 	http://127.0.0.1:8000
2026-01-16 16:10:00.328 INFO  org.hibernate.validator.internal.util.Version     :21   [32m                  [0;39m HV000001: Hibernate Validator 8.0.0.Final
2026-01-16 16:10:00.351 INFO  org.wuyang.gateway.config.GatewayApplication      :51   [32m                  [0;39m Starting GatewayApplication using Java 17.0.4.1 with PID 11552 (D:\Users\23889\Desktop\train\gateway\target\classes started by 23889 in D:\Users\23889\Desktop\train)
2026-01-16 16:10:00.351 INFO  org.wuyang.gateway.config.GatewayApplication      :630  [32m                  [0;39m No active profile set, falling back to 1 default profile: "default"
2026-01-16 16:10:00.669 INFO  o.springframework.cloud.context.scope.GenericScope:282  [32m                  [0;39m BeanFactory id=390a6740-1f4b-371e-8b32-9ee7183f016d
2026-01-16 16:10:01.978 INFO  org.springframework.cloud.commons.util.InetUtils  :170  [32m                  [0;39m Cannot determine local hostname
2026-01-16 16:10:02.135 INFO  o.s.c.gateway.route.RouteDefinitionRouteLocator   :88   [32m                  [0;39m Loaded RoutePredicateFactory [After]
2026-01-16 16:10:02.135 INFO  o.s.c.gateway.route.RouteDefinitionRouteLocator   :88   [32m                  [0;39m Loaded RoutePredicateFactory [Before]
2026-01-16 16:10:02.135 INFO  o.s.c.gateway.route.RouteDefinitionRouteLocator   :88   [32m                  [0;39m Loaded RoutePredicateFactory [Between]
2026-01-16 16:10:02.135 INFO  o.s.c.gateway.route.RouteDefinitionRouteLocator   :88   [32m                  [0;39m Loaded RoutePredicateFactory [Cookie]
2026-01-16 16:10:02.135 INFO  o.s.c.gateway.route.RouteDefinitionRouteLocator   :88   [32m                  [0;39m Loaded RoutePredicateFactory [Header]
2026-01-16 16:10:02.135 INFO  o.s.c.gateway.route.RouteDefinitionRouteLocator   :88   [32m                  [0;39m Loaded RoutePredicateFactory [Host]
2026-01-16 16:10:02.135 INFO  o.s.c.gateway.route.RouteDefinitionRouteLocator   :88   [32m                  [0;39m Loaded RoutePredicateFactory [Method]
2026-01-16 16:10:02.135 INFO  o.s.c.gateway.route.RouteDefinitionRouteLocator   :88   [32m                  [0;39m Loaded RoutePredicateFactory [Path]
2026-01-16 16:10:02.135 INFO  o.s.c.gateway.route.RouteDefinitionRouteLocator   :88   [32m                  [0;39m Loaded RoutePredicateFactory [Query]
2026-01-16 16:10:02.135 INFO  o.s.c.gateway.route.RouteDefinitionRouteLocator   :88   [32m                  [0;39m Loaded RoutePredicateFactory [ReadBody]
2026-01-16 16:10:02.135 INFO  o.s.c.gateway.route.RouteDefinitionRouteLocator   :88   [32m                  [0;39m Loaded RoutePredicateFactory [RemoteAddr]
2026-01-16 16:10:02.136 INFO  o.s.c.gateway.route.RouteDefinitionRouteLocator   :88   [32m                  [0;39m Loaded RoutePredicateFactory [XForwardedRemoteAddr]
2026-01-16 16:10:02.136 INFO  o.s.c.gateway.route.RouteDefinitionRouteLocator   :88   [32m                  [0;39m Loaded RoutePredicateFactory [Weight]
2026-01-16 16:10:02.136 INFO  o.s.c.gateway.route.RouteDefinitionRouteLocator   :88   [32m                  [0;39m Loaded RoutePredicateFactory [CloudFoundryRouteService]
2026-01-16 16:10:03.356 INFO  org.springframework.cloud.commons.util.InetUtils  :170  [32m                  [0;39m Cannot determine local hostname
2026-01-16 16:10:03.520 INFO  o.s.boot.web.embedded.netty.NettyWebServer        :111  [32m                  [0;39m Netty started on port 8000
2026-01-16 16:10:04.666 INFO  org.springframework.cloud.commons.util.InetUtils  :170  [32m                  [0;39m Cannot determine local hostname
2026-01-16 16:10:05.809 INFO  org.springframework.cloud.commons.util.InetUtils  :170  [32m                  [0;39m Cannot determine local hostname
2026-01-16 16:10:05.835 INFO  org.wuyang.gateway.config.GatewayApplication      :57   [32m                  [0;39m Started GatewayApplication in 6.876 seconds (process running for 7.174)
2026-01-16 16:10:05.836 INFO  org.wuyang.gateway.config.GatewayApplication      :19   [32m                  [0;39m 启动成功！！
2026-01-16 16:10:05.837 INFO  org.wuyang.gateway.config.GatewayApplication      :20   [32m                  [0;39m 网关地址: 	http://127.0.0.1:8000
2026-01-16 16:12:35.245 INFO  org.hibernate.validator.internal.util.Version     :21   [32m                  [0;39m HV000001: Hibernate Validator 8.0.0.Final
2026-01-16 16:12:35.270 INFO  org.wuyang.gateway.config.GatewayApplication      :51   [32m                  [0;39m Starting GatewayApplication using Java 17.0.4.1 with PID 33812 (D:\Users\23889\Desktop\train\gateway\target\classes started by 23889 in D:\Users\23889\Desktop\train)
2026-01-16 16:12:35.270 INFO  org.wuyang.gateway.config.GatewayApplication      :630  [32m                  [0;39m No active profile set, falling back to 1 default profile: "default"
2026-01-16 16:12:35.727 INFO  o.springframework.cloud.context.scope.GenericScope:282  [32m                  [0;39m BeanFactory id=390a6740-1f4b-371e-8b32-9ee7183f016d
2026-01-16 16:12:37.098 INFO  org.springframework.cloud.commons.util.InetUtils  :170  [32m                  [0;39m Cannot determine local hostname
2026-01-16 16:12:37.270 INFO  o.s.c.gateway.route.RouteDefinitionRouteLocator   :88   [32m                  [0;39m Loaded RoutePredicateFactory [After]
2026-01-16 16:12:37.270 INFO  o.s.c.gateway.route.RouteDefinitionRouteLocator   :88   [32m                  [0;39m Loaded RoutePredicateFactory [Before]
2026-01-16 16:12:37.270 INFO  o.s.c.gateway.route.RouteDefinitionRouteLocator   :88   [32m                  [0;39m Loaded RoutePredicateFactory [Between]
2026-01-16 16:12:37.270 INFO  o.s.c.gateway.route.RouteDefinitionRouteLocator   :88   [32m                  [0;39m Loaded RoutePredicateFactory [Cookie]
2026-01-16 16:12:37.270 INFO  o.s.c.gateway.route.RouteDefinitionRouteLocator   :88   [32m                  [0;39m Loaded RoutePredicateFactory [Header]
2026-01-16 16:12:37.270 INFO  o.s.c.gateway.route.RouteDefinitionRouteLocator   :88   [32m                  [0;39m Loaded RoutePredicateFactory [Host]
2026-01-16 16:12:37.270 INFO  o.s.c.gateway.route.RouteDefinitionRouteLocator   :88   [32m                  [0;39m Loaded RoutePredicateFactory [Method]
2026-01-16 16:12:37.270 INFO  o.s.c.gateway.route.RouteDefinitionRouteLocator   :88   [32m                  [0;39m Loaded RoutePredicateFactory [Path]
2026-01-16 16:12:37.270 INFO  o.s.c.gateway.route.RouteDefinitionRouteLocator   :88   [32m                  [0;39m Loaded RoutePredicateFactory [Query]
2026-01-16 16:12:37.271 INFO  o.s.c.gateway.route.RouteDefinitionRouteLocator   :88   [32m                  [0;39m Loaded RoutePredicateFactory [ReadBody]
2026-01-16 16:12:37.271 INFO  o.s.c.gateway.route.RouteDefinitionRouteLocator   :88   [32m                  [0;39m Loaded RoutePredicateFactory [RemoteAddr]
2026-01-16 16:12:37.271 INFO  o.s.c.gateway.route.RouteDefinitionRouteLocator   :88   [32m                  [0;39m Loaded RoutePredicateFactory [XForwardedRemoteAddr]
2026-01-16 16:12:37.271 INFO  o.s.c.gateway.route.RouteDefinitionRouteLocator   :88   [32m                  [0;39m Loaded RoutePredicateFactory [Weight]
2026-01-16 16:12:37.271 INFO  o.s.c.gateway.route.RouteDefinitionRouteLocator   :88   [32m                  [0;39m Loaded RoutePredicateFactory [CloudFoundryRouteService]
2026-01-16 16:12:38.488 INFO  org.springframework.cloud.commons.util.InetUtils  :170  [32m                  [0;39m Cannot determine local hostname
2026-01-16 16:12:38.663 INFO  o.s.boot.web.embedded.netty.NettyWebServer        :111  [32m                  [0;39m Netty started on port 8000
2026-01-16 16:12:39.794 INFO  org.springframework.cloud.commons.util.InetUtils  :170  [32m                  [0;39m Cannot determine local hostname
2026-01-16 16:12:40.920 INFO  org.springframework.cloud.commons.util.InetUtils  :170  [32m                  [0;39m Cannot determine local hostname
2026-01-16 16:12:40.948 INFO  org.wuyang.gateway.config.GatewayApplication      :57   [32m                  [0;39m Started GatewayApplication in 7.106 seconds (process running for 7.411)
2026-01-16 16:12:40.949 INFO  org.wuyang.gateway.config.GatewayApplication      :19   [32m                  [0;39m 启动成功！！
2026-01-16 16:12:40.950 INFO  org.wuyang.gateway.config.GatewayApplication      :20   [32m                  [0;39m 网关地址: 	http://127.0.0.1:8000
2026-01-16 16:18:55.811 INFO  reactor.netty.http.server.AccessLog               :279  [32m                  [0;39m 127.0.0.1 - - [16/1月/2026:16:18:55 +0800] "POST /member/member/send-code HTTP/1.1" 200 84 270
2026-01-16 16:21:58.158 INFO  reactor.netty.http.server.AccessLog               :279  [32m                  [0;39m 127.0.0.1 - - [16/1月/2026:16:21:52 +0800] "POST /member/member/send-code HTTP/1.1" 200 46 5647
2026-01-16 16:25:33.132 INFO  reactor.netty.http.server.AccessLog               :279  [32m                  [0;39m 127.0.0.1 - - [16/1月/2026:16:25:33 +0800] "POST /member/member/send-code HTTP/1.1" 200 46 29
2026-01-16 17:24:19.772 INFO  reactor.netty.http.server.AccessLog               :279  [32m                  [0;39m 0:0:0:0:0:0:0:1 - - [16/1月/2026:17:24:19 +0800] "OPTIONS /member/member/send-code HTTP/1.1" 200 0 16
2026-01-16 17:24:19.821 INFO  reactor.netty.http.server.AccessLog               :279  [32m                  [0;39m 0:0:0:0:0:0:0:1 - - [16/1月/2026:17:24:19 +0800] "POST /member/member/send-code HTTP/1.1" 200 46 47
2026-01-16 17:25:06.113 INFO  reactor.netty.http.server.AccessLog               :279  [32m                  [0;39m 0:0:0:0:0:0:0:1 - - [16/1月/2026:17:25:06 +0800] "POST /member/member/send-code HTTP/1.1" 200 46 14
2026-01-16 17:27:28.246 INFO  reactor.netty.http.server.AccessLog               :279  [32m                  [0;39m 0:0:0:0:0:0:0:1 - - [16/1月/2026:17:27:28 +0800] "POST /member/member/send-code HTTP/1.1" 200 46 13
2026-01-16 17:27:37.059 INFO  reactor.netty.http.server.AccessLog               :279  [32m                  [0;39m 0:0:0:0:0:0:0:1 - - [16/1月/2026:17:27:37 +0800] "POST /member/member/send-code HTTP/1.1" 200 46 38
2026-01-16 17:27:56.272 INFO  reactor.netty.http.server.AccessLog               :279  [32m                  [0;39m 0:0:0:0:0:0:0:1 - - [16/1月/2026:17:27:56 +0800] "POST /member/member/send-code HTTP/1.1" 200 46 15
2026-01-16 17:28:04.337 INFO  reactor.netty.http.server.AccessLog               :279  [32m                  [0;39m 0:0:0:0:0:0:0:1 - - [16/1月/2026:17:28:04 +0800] "POST /member/member/send-code HTTP/1.1" 200 46 9
2026-01-16 17:28:05.953 INFO  reactor.netty.http.server.AccessLog               :279  [32m                  [0;39m 0:0:0:0:0:0:0:1 - - [16/1月/2026:17:28:05 +0800] "POST /member/member/send-code HTTP/1.1" 200 46 8
2026-01-16 17:28:06.542 INFO  reactor.netty.http.server.AccessLog               :279  [32m                  [0;39m 0:0:0:0:0:0:0:1 - - [16/1月/2026:17:28:06 +0800] "POST /member/member/send-code HTTP/1.1" 200 46 12
2026-01-16 17:28:06.751 INFO  reactor.netty.http.server.AccessLog               :279  [32m                  [0;39m 0:0:0:0:0:0:0:1 - - [16/1月/2026:17:28:06 +0800] "POST /member/member/send-code HTTP/1.1" 200 46 8
2026-01-16 17:28:06.948 INFO  reactor.netty.http.server.AccessLog               :279  [32m                  [0;39m 0:0:0:0:0:0:0:1 - - [16/1月/2026:17:28:06 +0800] "POST /member/member/send-code HTTP/1.1" 200 46 9
2026-01-16 17:28:07.201 INFO  reactor.netty.http.server.AccessLog               :279  [32m                  [0;39m 0:0:0:0:0:0:0:1 - - [16/1月/2026:17:28:07 +0800] "POST /member/member/send-code HTTP/1.1" 200 46 9
2026-01-16 17:28:07.405 INFO  reactor.netty.http.server.AccessLog               :279  [32m                  [0;39m 0:0:0:0:0:0:0:1 - - [16/1月/2026:17:28:07 +0800] "POST /member/member/send-code HTTP/1.1" 200 46 10
2026-01-16 17:28:07.602 INFO  reactor.netty.http.server.AccessLog               :279  [32m                  [0;39m 0:0:0:0:0:0:0:1 - - [16/1月/2026:17:28:07 +0800] "POST /member/member/send-code HTTP/1.1" 200 46 9
2026-01-16 17:28:07.801 INFO  reactor.netty.http.server.AccessLog               :279  [32m                  [0;39m 0:0:0:0:0:0:0:1 - - [16/1月/2026:17:28:07 +0800] "POST /member/member/send-code HTTP/1.1" 200 46 11
2026-01-16 17:28:07.992 INFO  reactor.netty.http.server.AccessLog               :279  [32m                  [0;39m 0:0:0:0:0:0:0:1 - - [16/1月/2026:17:28:07 +0800] "POST /member/member/send-code HTTP/1.1" 200 46 7
2026-01-16 17:28:08.213 INFO  reactor.netty.http.server.AccessLog               :279  [32m                  [0;39m 0:0:0:0:0:0:0:1 - - [16/1月/2026:17:28:08 +0800] "POST /member/member/send-code HTTP/1.1" 200 46 7
2026-01-16 17:28:08.429 INFO  reactor.netty.http.server.AccessLog               :279  [32m                  [0;39m 0:0:0:0:0:0:0:1 - - [16/1月/2026:17:28:08 +0800] "POST /member/member/send-code HTTP/1.1" 200 46 10
2026-01-16 17:28:08.626 INFO  reactor.netty.http.server.AccessLog               :279  [32m                  [0;39m 0:0:0:0:0:0:0:1 - - [16/1月/2026:17:28:08 +0800] "POST /member/member/send-code HTTP/1.1" 200 46 8
2026-01-16 17:28:08.833 INFO  reactor.netty.http.server.AccessLog               :279  [32m                  [0;39m 0:0:0:0:0:0:0:1 - - [16/1月/2026:17:28:08 +0800] "POST /member/member/send-code HTTP/1.1" 200 46 10
2026-01-16 17:28:09.036 INFO  reactor.netty.http.server.AccessLog               :279  [32m                  [0;39m 0:0:0:0:0:0:0:1 - - [16/1月/2026:17:28:09 +0800] "POST /member/member/send-code HTTP/1.1" 200 46 7
2026-01-16 17:28:09.227 INFO  reactor.netty.http.server.AccessLog               :279  [32m                  [0;39m 0:0:0:0:0:0:0:1 - - [16/1月/2026:17:28:09 +0800] "POST /member/member/send-code HTTP/1.1" 200 46 7
2026-01-16 17:28:09.438 INFO  reactor.netty.http.server.AccessLog               :279  [32m                  [0;39m 0:0:0:0:0:0:0:1 - - [16/1月/2026:17:28:09 +0800] "POST /member/member/send-code HTTP/1.1" 200 46 8
2026-01-16 17:28:09.627 INFO  reactor.netty.http.server.AccessLog               :279  [32m                  [0;39m 0:0:0:0:0:0:0:1 - - [16/1月/2026:17:28:09 +0800] "POST /member/member/send-code HTTP/1.1" 200 46 7
2026-01-16 17:28:09.821 INFO  reactor.netty.http.server.AccessLog               :279  [32m                  [0;39m 0:0:0:0:0:0:0:1 - - [16/1月/2026:17:28:09 +0800] "POST /member/member/send-code HTTP/1.1" 200 46 7
2026-01-16 17:28:10.032 INFO  reactor.netty.http.server.AccessLog               :279  [32m                  [0;39m 0:0:0:0:0:0:0:1 - - [16/1月/2026:17:28:10 +0800] "POST /member/member/send-code HTTP/1.1" 200 46 8
2026-01-16 17:28:10.241 INFO  reactor.netty.http.server.AccessLog               :279  [32m                  [0;39m 0:0:0:0:0:0:0:1 - - [16/1月/2026:17:28:10 +0800] "POST /member/member/send-code HTTP/1.1" 200 46 7
2026-01-16 17:28:10.443 INFO  reactor.netty.http.server.AccessLog               :279  [32m                  [0;39m 0:0:0:0:0:0:0:1 - - [16/1月/2026:17:28:10 +0800] "POST /member/member/send-code HTTP/1.1" 200 46 7
2026-01-16 17:28:10.632 INFO  reactor.netty.http.server.AccessLog               :279  [32m                  [0;39m 0:0:0:0:0:0:0:1 - - [16/1月/2026:17:28:10 +0800] "POST /member/member/send-code HTTP/1.1" 200 46 8
2026-01-16 17:30:10.758 INFO  reactor.netty.http.server.AccessLog               :279  [32m                  [0;39m 0:0:0:0:0:0:0:1 - - [16/1月/2026:17:30:10 +0800] "POST /member/member/send-code HTTP/1.1" 200 46 9
2026-01-16 19:46:24.548 INFO  org.hibernate.validator.internal.util.Version     :21   [32m                  [0;39m HV000001: Hibernate Validator 8.0.0.Final
2026-01-16 19:46:24.582 INFO  org.wuyang.gateway.config.GatewayApplication      :51   [32m                  [0;39m Starting GatewayApplication using Java 17.0.4.1 with PID 5184 (D:\Users\23889\Desktop\train\gateway\target\classes started by 23889 in D:\Users\23889\Desktop\train)
2026-01-16 19:46:24.583 INFO  org.wuyang.gateway.config.GatewayApplication      :630  [32m                  [0;39m No active profile set, falling back to 1 default profile: "default"
2026-01-16 19:46:24.973 INFO  o.springframework.cloud.context.scope.GenericScope:282  [32m                  [0;39m BeanFactory id=390a6740-1f4b-371e-8b32-9ee7183f016d
2026-01-16 19:46:26.345 INFO  org.springframework.cloud.commons.util.InetUtils  :170  [32m                  [0;39m Cannot determine local hostname
2026-01-16 19:46:26.532 INFO  o.s.c.gateway.route.RouteDefinitionRouteLocator   :88   [32m                  [0;39m Loaded RoutePredicateFactory [After]
2026-01-16 19:46:26.532 INFO  o.s.c.gateway.route.RouteDefinitionRouteLocator   :88   [32m                  [0;39m Loaded RoutePredicateFactory [Before]
2026-01-16 19:46:26.532 INFO  o.s.c.gateway.route.RouteDefinitionRouteLocator   :88   [32m                  [0;39m Loaded RoutePredicateFactory [Between]
2026-01-16 19:46:26.532 INFO  o.s.c.gateway.route.RouteDefinitionRouteLocator   :88   [32m                  [0;39m Loaded RoutePredicateFactory [Cookie]
2026-01-16 19:46:26.532 INFO  o.s.c.gateway.route.RouteDefinitionRouteLocator   :88   [32m                  [0;39m Loaded RoutePredicateFactory [Header]
2026-01-16 19:46:26.533 INFO  o.s.c.gateway.route.RouteDefinitionRouteLocator   :88   [32m                  [0;39m Loaded RoutePredicateFactory [Host]
2026-01-16 19:46:26.533 INFO  o.s.c.gateway.route.RouteDefinitionRouteLocator   :88   [32m                  [0;39m Loaded RoutePredicateFactory [Method]
2026-01-16 19:46:26.533 INFO  o.s.c.gateway.route.RouteDefinitionRouteLocator   :88   [32m                  [0;39m Loaded RoutePredicateFactory [Path]
2026-01-16 19:46:26.533 INFO  o.s.c.gateway.route.RouteDefinitionRouteLocator   :88   [32m                  [0;39m Loaded RoutePredicateFactory [Query]
2026-01-16 19:46:26.533 INFO  o.s.c.gateway.route.RouteDefinitionRouteLocator   :88   [32m                  [0;39m Loaded RoutePredicateFactory [ReadBody]
2026-01-16 19:46:26.533 INFO  o.s.c.gateway.route.RouteDefinitionRouteLocator   :88   [32m                  [0;39m Loaded RoutePredicateFactory [RemoteAddr]
2026-01-16 19:46:26.533 INFO  o.s.c.gateway.route.RouteDefinitionRouteLocator   :88   [32m                  [0;39m Loaded RoutePredicateFactory [XForwardedRemoteAddr]
2026-01-16 19:46:26.533 INFO  o.s.c.gateway.route.RouteDefinitionRouteLocator   :88   [32m                  [0;39m Loaded RoutePredicateFactory [Weight]
2026-01-16 19:46:26.534 INFO  o.s.c.gateway.route.RouteDefinitionRouteLocator   :88   [32m                  [0;39m Loaded RoutePredicateFactory [CloudFoundryRouteService]
2026-01-16 19:46:27.783 INFO  org.springframework.cloud.commons.util.InetUtils  :170  [32m                  [0;39m Cannot determine local hostname
2026-01-16 19:46:27.958 INFO  o.s.boot.web.embedded.netty.NettyWebServer        :111  [32m                  [0;39m Netty started on port 8000
2026-01-16 19:46:29.099 INFO  org.springframework.cloud.commons.util.InetUtils  :170  [32m                  [0;39m Cannot determine local hostname
2026-01-16 19:46:30.249 INFO  org.springframework.cloud.commons.util.InetUtils  :170  [32m                  [0;39m Cannot determine local hostname
2026-01-16 19:46:30.283 INFO  org.wuyang.gateway.config.GatewayApplication      :57   [32m                  [0;39m Started GatewayApplication in 7.172 seconds (process running for 7.543)
2026-01-16 19:46:30.285 INFO  org.wuyang.gateway.config.GatewayApplication      :19   [32m                  [0;39m 启动成功！！
2026-01-16 19:46:30.285 INFO  org.wuyang.gateway.config.GatewayApplication      :20   [32m                  [0;39m 网关地址: 	http://127.0.0.1:8000
2026-01-16 19:46:31.153 INFO  reactor.netty.http.server.AccessLog               :279  [32m                  [0;39m 0:0:0:0:0:0:0:1 - - [16/1月/2026:19:46:31 +0800] "OPTIONS /member/member/send-code HTTP/1.1" 403 0 29
2026-01-16 19:46:33.642 INFO  reactor.netty.http.server.AccessLog               :279  [32m                  [0;39m 0:0:0:0:0:0:0:1 - - [16/1月/2026:19:46:33 +0800] "OPTIONS /member/member/send-code HTTP/1.1" 403 0 0
2026-01-16 19:46:56.309 INFO  org.hibernate.validator.internal.util.Version     :21   [32m                  [0;39m HV000001: Hibernate Validator 8.0.0.Final
2026-01-16 19:46:56.330 INFO  org.wuyang.gateway.config.GatewayApplication      :51   [32m                  [0;39m Starting GatewayApplication using Java 17.0.4.1 with PID 28224 (D:\Users\23889\Desktop\train\gateway\target\classes started by 23889 in D:\Users\23889\Desktop\train)
2026-01-16 19:46:56.331 INFO  org.wuyang.gateway.config.GatewayApplication      :630  [32m                  [0;39m No active profile set, falling back to 1 default profile: "default"
2026-01-16 19:46:56.675 INFO  o.springframework.cloud.context.scope.GenericScope:282  [32m                  [0;39m BeanFactory id=390a6740-1f4b-371e-8b32-9ee7183f016d
2026-01-16 19:46:57.999 INFO  org.springframework.cloud.commons.util.InetUtils  :170  [32m                  [0;39m Cannot determine local hostname
2026-01-16 19:46:58.168 INFO  o.s.c.gateway.route.RouteDefinitionRouteLocator   :88   [32m                  [0;39m Loaded RoutePredicateFactory [After]
2026-01-16 19:46:58.169 INFO  o.s.c.gateway.route.RouteDefinitionRouteLocator   :88   [32m                  [0;39m Loaded RoutePredicateFactory [Before]
2026-01-16 19:46:58.169 INFO  o.s.c.gateway.route.RouteDefinitionRouteLocator   :88   [32m                  [0;39m Loaded RoutePredicateFactory [Between]
2026-01-16 19:46:58.169 INFO  o.s.c.gateway.route.RouteDefinitionRouteLocator   :88   [32m                  [0;39m Loaded RoutePredicateFactory [Cookie]
2026-01-16 19:46:58.169 INFO  o.s.c.gateway.route.RouteDefinitionRouteLocator   :88   [32m                  [0;39m Loaded RoutePredicateFactory [Header]
2026-01-16 19:46:58.169 INFO  o.s.c.gateway.route.RouteDefinitionRouteLocator   :88   [32m                  [0;39m Loaded RoutePredicateFactory [Host]
2026-01-16 19:46:58.169 INFO  o.s.c.gateway.route.RouteDefinitionRouteLocator   :88   [32m                  [0;39m Loaded RoutePredicateFactory [Method]
2026-01-16 19:46:58.169 INFO  o.s.c.gateway.route.RouteDefinitionRouteLocator   :88   [32m                  [0;39m Loaded RoutePredicateFactory [Path]
2026-01-16 19:46:58.169 INFO  o.s.c.gateway.route.RouteDefinitionRouteLocator   :88   [32m                  [0;39m Loaded RoutePredicateFactory [Query]
2026-01-16 19:46:58.169 INFO  o.s.c.gateway.route.RouteDefinitionRouteLocator   :88   [32m                  [0;39m Loaded RoutePredicateFactory [ReadBody]
2026-01-16 19:46:58.169 INFO  o.s.c.gateway.route.RouteDefinitionRouteLocator   :88   [32m                  [0;39m Loaded RoutePredicateFactory [RemoteAddr]
2026-01-16 19:46:58.169 INFO  o.s.c.gateway.route.RouteDefinitionRouteLocator   :88   [32m                  [0;39m Loaded RoutePredicateFactory [XForwardedRemoteAddr]
2026-01-16 19:46:58.169 INFO  o.s.c.gateway.route.RouteDefinitionRouteLocator   :88   [32m                  [0;39m Loaded RoutePredicateFactory [Weight]
2026-01-16 19:46:58.169 INFO  o.s.c.gateway.route.RouteDefinitionRouteLocator   :88   [32m                  [0;39m Loaded RoutePredicateFactory [CloudFoundryRouteService]
2026-01-16 19:46:59.403 INFO  org.springframework.cloud.commons.util.InetUtils  :170  [32m                  [0;39m Cannot determine local hostname
2026-01-16 19:46:59.569 INFO  o.s.boot.web.embedded.netty.NettyWebServer        :111  [32m                  [0;39m Netty started on port 8000
2026-01-16 19:47:00.722 INFO  org.springframework.cloud.commons.util.InetUtils  :170  [32m                  [0;39m Cannot determine local hostname
2026-01-16 19:47:00.959 INFO  reactor.netty.http.server.AccessLog               :279  [32m                  [0;39m 0:0:0:0:0:0:0:1 - - [16/1月/2026:19:47:00 +0800] "OPTIONS /member/member/send-code HTTP/1.1" 200 0 58
2026-01-16 19:47:01.406 INFO  reactor.netty.http.server.AccessLog               :279  [32m                  [0;39m 0:0:0:0:0:0:0:1 - - [16/1月/2026:19:47:00 +0800] "POST /member/member/send-code HTTP/1.1" 200 46 445
2026-01-16 19:47:01.866 INFO  org.springframework.cloud.commons.util.InetUtils  :170  [32m                  [0;39m Cannot determine local hostname
2026-01-16 19:47:01.879 INFO  org.wuyang.gateway.config.GatewayApplication      :57   [32m                  [0;39m Started GatewayApplication in 6.93 seconds (process running for 7.239)
2026-01-16 19:47:01.881 INFO  org.wuyang.gateway.config.GatewayApplication      :19   [32m                  [0;39m 启动成功！！
2026-01-16 19:47:01.882 INFO  org.wuyang.gateway.config.GatewayApplication      :20   [32m                  [0;39m 网关地址: 	http://127.0.0.1:8000
2026-01-16 19:48:26.461 INFO  reactor.netty.http.server.AccessLog               :279  [32m                  [0;39m 0:0:0:0:0:0:0:1 - - [16/1月/2026:19:48:26 +0800] "POST /member/member/send-code HTTP/1.1" 200 46 13
2026-01-16 19:48:30.001 INFO  reactor.netty.http.server.AccessLog               :279  [32m                  [0;39m 0:0:0:0:0:0:0:1 - - [16/1月/2026:19:48:29 +0800] "POST /member/member/send-code HTTP/1.1" 200 46 13
2026-01-16 19:48:56.509 INFO  reactor.netty.http.server.AccessLog               :279  [32m                  [0;39m 0:0:0:0:0:0:0:1 - - [16/1月/2026:19:48:56 +0800] "POST /member/member/send-code HTTP/1.1" 200 46 10
2026-01-16 19:49:30.769 INFO  reactor.netty.http.server.AccessLog               :279  [32m                  [0;39m 0:0:0:0:0:0:0:1 - - [16/1月/2026:19:49:30 +0800] "POST /member/member/send-code HTTP/1.1" 200 46 11
2026-01-16 19:49:39.880 INFO  reactor.netty.http.server.AccessLog               :279  [32m                  [0;39m 0:0:0:0:0:0:0:1 - - [16/1月/2026:19:49:39 +0800] "POST /member/member/send-code HTTP/1.1" 200 46 9
2026-01-16 19:49:49.716 INFO  reactor.netty.http.server.AccessLog               :279  [32m                  [0;39m 0:0:0:0:0:0:0:1 - - [16/1月/2026:19:49:49 +0800] "POST /member/member/send-code HTTP/1.1" 200 46 12
2026-01-16 19:49:50.328 INFO  reactor.netty.http.server.AccessLog               :279  [32m                  [0;39m 0:0:0:0:0:0:0:1 - - [16/1月/2026:19:49:50 +0800] "POST /member/member/send-code HTTP/1.1" 200 46 13
2026-01-16 19:50:08.362 INFO  reactor.netty.http.server.AccessLog               :279  [32m                  [0;39m 0:0:0:0:0:0:0:1 - - [16/1月/2026:19:50:08 +0800] "POST /member/member/send-code HTTP/1.1" 200 46 8
2026-01-16 19:50:19.812 INFO  reactor.netty.http.server.AccessLog               :279  [32m                  [0;39m 0:0:0:0:0:0:0:1 - - [16/1月/2026:19:50:19 +0800] "POST /member/member/send-code HTTP/1.1" 200 46 8
2026-01-16 19:50:30.347 INFO  reactor.netty.http.server.AccessLog               :279  [32m                  [0;39m 0:0:0:0:0:0:0:1 - - [16/1月/2026:19:50:30 +0800] "POST /member/member/send-code HTTP/1.1" 200 46 11
2026-01-16 19:50:30.951 INFO  reactor.netty.http.server.AccessLog               :279  [32m                  [0;39m 0:0:0:0:0:0:0:1 - - [16/1月/2026:19:50:30 +0800] "POST /member/member/send-code HTTP/1.1" 200 46 11
2026-01-16 19:50:55.114 INFO  reactor.netty.http.server.AccessLog               :279  [32m                  [0;39m 0:0:0:0:0:0:0:1 - - [16/1月/2026:19:50:55 +0800] "POST /member/member/send-code HTTP/1.1" 200 46 10
2026-01-16 19:59:17.926 INFO  reactor.netty.http.server.AccessLog               :279  [32m                  [0;39m 0:0:0:0:0:0:0:1 - - [16/1月/2026:19:59:17 +0800] "POST /member/member/send-code HTTP/1.1" 200 46 10
2026-01-16 19:59:30.976 INFO  org.hibernate.validator.internal.util.Version     :21   [32m                  [0;39m HV000001: Hibernate Validator 8.0.0.Final
2026-01-16 19:59:31.000 INFO  org.wuyang.gateway.config.GatewayApplication      :51   [32m                  [0;39m Starting GatewayApplication using Java 17.0.4.1 with PID 9408 (D:\Users\23889\Desktop\train\gateway\target\classes started by 23889 in D:\Users\23889\Desktop\train)
2026-01-16 19:59:31.000 INFO  org.wuyang.gateway.config.GatewayApplication      :630  [32m                  [0;39m No active profile set, falling back to 1 default profile: "default"
2026-01-16 19:59:31.350 INFO  o.springframework.cloud.context.scope.GenericScope:282  [32m                  [0;39m BeanFactory id=390a6740-1f4b-371e-8b32-9ee7183f016d
2026-01-16 19:59:32.708 INFO  org.springframework.cloud.commons.util.InetUtils  :170  [32m                  [0;39m Cannot determine local hostname
2026-01-16 19:59:32.898 INFO  o.s.c.gateway.route.RouteDefinitionRouteLocator   :88   [32m                  [0;39m Loaded RoutePredicateFactory [After]
2026-01-16 19:59:32.898 INFO  o.s.c.gateway.route.RouteDefinitionRouteLocator   :88   [32m                  [0;39m Loaded RoutePredicateFactory [Before]
2026-01-16 19:59:32.898 INFO  o.s.c.gateway.route.RouteDefinitionRouteLocator   :88   [32m                  [0;39m Loaded RoutePredicateFactory [Between]
2026-01-16 19:59:32.899 INFO  o.s.c.gateway.route.RouteDefinitionRouteLocator   :88   [32m                  [0;39m Loaded RoutePredicateFactory [Cookie]
2026-01-16 19:59:32.899 INFO  o.s.c.gateway.route.RouteDefinitionRouteLocator   :88   [32m                  [0;39m Loaded RoutePredicateFactory [Header]
2026-01-16 19:59:32.899 INFO  o.s.c.gateway.route.RouteDefinitionRouteLocator   :88   [32m                  [0;39m Loaded RoutePredicateFactory [Host]
2026-01-16 19:59:32.899 INFO  o.s.c.gateway.route.RouteDefinitionRouteLocator   :88   [32m                  [0;39m Loaded RoutePredicateFactory [Method]
2026-01-16 19:59:32.899 INFO  o.s.c.gateway.route.RouteDefinitionRouteLocator   :88   [32m                  [0;39m Loaded RoutePredicateFactory [Path]
2026-01-16 19:59:32.899 INFO  o.s.c.gateway.route.RouteDefinitionRouteLocator   :88   [32m                  [0;39m Loaded RoutePredicateFactory [Query]
2026-01-16 19:59:32.899 INFO  o.s.c.gateway.route.RouteDefinitionRouteLocator   :88   [32m                  [0;39m Loaded RoutePredicateFactory [ReadBody]
2026-01-16 19:59:32.899 INFO  o.s.c.gateway.route.RouteDefinitionRouteLocator   :88   [32m                  [0;39m Loaded RoutePredicateFactory [RemoteAddr]
2026-01-16 19:59:32.899 INFO  o.s.c.gateway.route.RouteDefinitionRouteLocator   :88   [32m                  [0;39m Loaded RoutePredicateFactory [XForwardedRemoteAddr]
2026-01-16 19:59:32.900 INFO  o.s.c.gateway.route.RouteDefinitionRouteLocator   :88   [32m                  [0;39m Loaded RoutePredicateFactory [Weight]
2026-01-16 19:59:32.900 INFO  o.s.c.gateway.route.RouteDefinitionRouteLocator   :88   [32m                  [0;39m Loaded RoutePredicateFactory [CloudFoundryRouteService]
2026-01-16 19:59:34.138 INFO  org.springframework.cloud.commons.util.InetUtils  :170  [32m                  [0;39m Cannot determine local hostname
2026-01-16 19:59:34.320 INFO  o.s.boot.web.embedded.netty.NettyWebServer        :111  [32m                  [0;39m Netty started on port 8000
2026-01-16 19:59:35.455 INFO  org.springframework.cloud.commons.util.InetUtils  :170  [32m                  [0;39m Cannot determine local hostname
2026-01-16 19:59:36.599 INFO  org.springframework.cloud.commons.util.InetUtils  :170  [32m                  [0;39m Cannot determine local hostname
2026-01-16 19:59:36.626 INFO  org.wuyang.gateway.config.GatewayApplication      :57   [32m                  [0;39m Started GatewayApplication in 7.075 seconds (process running for 7.409)
2026-01-16 19:59:36.628 INFO  org.wuyang.gateway.config.GatewayApplication      :19   [32m                  [0;39m 启动成功！！
2026-01-16 19:59:36.628 INFO  org.wuyang.gateway.config.GatewayApplication      :20   [32m                  [0;39m 网关地址: 	http://127.0.0.1:8000
2026-01-16 20:02:01.455 INFO  reactor.netty.http.server.AccessLog               :279  [32m                  [0;39m 0:0:0:0:0:0:0:1 - - [16/1月/2026:20:02:00 +0800] "POST /member/member/send-code HTTP/1.1" 200 46 540
2026-01-16 20:05:00.368 INFO  reactor.netty.http.server.AccessLog               :279  [32m                  [0;39m 127.0.0.1 - - [16/1月/2026:20:05:00 +0800] "POST /member/member/send-code HTTP/1.1" 200 46 16
2026-01-16 20:05:54.252 INFO  reactor.netty.http.server.AccessLog               :279  [32m                  [0;39m 127.0.0.1 - - [16/1月/2026:20:05:54 +0800] "POST /member/member/send-code HTTP/1.1" 200 46 14
2026-01-16 20:06:43.121 INFO  reactor.netty.http.server.AccessLog               :279  [32m                  [0;39m 0:0:0:0:0:0:0:1 - - [16/1月/2026:20:06:43 +0800] "OPTIONS /member/member/login HTTP/1.1" 200 0 1
2026-01-16 20:06:43.152 INFO  reactor.netty.http.server.AccessLog               :279  [32m                  [0;39m 0:0:0:0:0:0:0:1 - - [16/1月/2026:20:06:43 +0800] "POST /member/member/login HTTP/1.1" 200 78 30
2026-01-16 20:07:20.052 INFO  reactor.netty.http.server.AccessLog               :279  [32m                  [0;39m 0:0:0:0:0:0:0:1 - - [16/1月/2026:20:07:20 +0800] "POST /member/member/login HTTP/1.1" 200 78 8
2026-01-16 20:07:56.361 INFO  reactor.netty.http.server.AccessLog               :279  [32m                  [0;39m 0:0:0:0:0:0:0:1 - - [16/1月/2026:20:07:56 +0800] "POST /member/member/send-code HTTP/1.1" 200 83 6
2026-01-16 20:07:57.991 INFO  reactor.netty.http.server.AccessLog               :279  [32m                  [0;39m 0:0:0:0:0:0:0:1 - - [16/1月/2026:20:07:57 +0800] "POST /member/member/send-code HTTP/1.1" 200 83 6
2026-01-16 20:08:01.653 INFO  reactor.netty.http.server.AccessLog               :279  [32m                  [0;39m 0:0:0:0:0:0:0:1 - - [16/1月/2026:20:08:01 +0800] "POST /member/member/send-code HTTP/1.1" 200 83 7
2026-01-16 20:08:06.482 INFO  reactor.netty.http.server.AccessLog               :279  [32m                  [0;39m 0:0:0:0:0:0:0:1 - - [16/1月/2026:20:08:06 +0800] "POST /member/member/login HTTP/1.1" 200 83 4
2026-01-16 20:16:22.112 INFO  reactor.netty.http.server.AccessLog               :279  [32m                  [0;39m 0:0:0:0:0:0:0:1 - - [16/1月/2026:20:16:22 +0800] "POST /member/member/send-code HTTP/1.1" 200 46 16
2026-01-16 20:16:53.625 INFO  reactor.netty.http.server.AccessLog               :279  [32m                  [0;39m 0:0:0:0:0:0:0:1 - - [16/1月/2026:20:16:53 +0800] "POST /member/member/send-code HTTP/1.1" 200 46 15
2026-01-16 20:17:00.790 INFO  reactor.netty.http.server.AccessLog               :279  [32m                  [0;39m 0:0:0:0:0:0:0:1 - - [16/1月/2026:20:17:00 +0800] "POST /member/member/send-code HTTP/1.1" 200 46 10
2026-01-16 20:50:38.310 INFO  reactor.netty.http.server.AccessLog               :279  [32m                  [0;39m 0:0:0:0:0:0:0:1 - - [16/1月/2026:20:50:38 +0800] "OPTIONS /member/member/send-code HTTP/1.1" 200 0 1
2026-01-16 20:50:38.323 INFO  reactor.netty.http.server.AccessLog               :279  [32m                  [0;39m 0:0:0:0:0:0:0:1 - - [16/1月/2026:20:50:38 +0800] "POST /member/member/send-code HTTP/1.1" 200 46 12
2026-01-16 20:51:02.367 INFO  reactor.netty.http.server.AccessLog               :279  [32m                  [0;39m 0:0:0:0:0:0:0:1 - - [16/1月/2026:20:51:02 +0800] "POST /member/member/send-code HTTP/1.1" 200 46 12
2026-01-16 20:53:27.098 INFO  reactor.netty.http.server.AccessLog               :279  [32m                  [0;39m 0:0:0:0:0:0:0:1 - - [16/1月/2026:20:53:27 +0800] "POST /member/member/send-code HTTP/1.1" 200 46 12
2026-01-16 20:55:29.384 INFO  reactor.netty.http.server.AccessLog               :279  [32m                  [0;39m 0:0:0:0:0:0:0:1 - - [16/1月/2026:20:55:29 +0800] "POST /member/member/send-code HTTP/1.1" 200 46 10
2026-01-16 20:55:52.652 INFO  reactor.netty.http.server.AccessLog               :279  [32m                  [0;39m 0:0:0:0:0:0:0:1 - - [16/1月/2026:20:55:52 +0800] "POST /member/member/send-code HTTP/1.1" 200 46 9
2026-01-16 20:57:38.737 INFO  reactor.netty.http.server.AccessLog               :279  [32m                  [0;39m 0:0:0:0:0:0:0:1 - - [16/1月/2026:20:57:38 +0800] "POST /member/member/send-code HTTP/1.1" 200 46 12
2026-01-16 21:01:34.179 INFO  reactor.netty.http.server.AccessLog               :279  [32m                  [0;39m 0:0:0:0:0:0:0:1 - - [16/1月/2026:21:01:34 +0800] "POST /member/member/send-code HTTP/1.1" 200 46 11
2026-01-16 21:04:04.752 INFO  reactor.netty.http.server.AccessLog               :279  [32m                  [0;39m 0:0:0:0:0:0:0:1 - - [16/1月/2026:21:04:04 +0800] "POST /member/member/send-code HTTP/1.1" 200 46 13
2026-01-16 21:05:40.223 INFO  reactor.netty.http.server.AccessLog               :279  [32m                  [0;39m 0:0:0:0:0:0:0:1 - - [16/1月/2026:21:05:40 +0800] "POST /member/member/send-code HTTP/1.1" 200 46 9
2026-01-16 21:06:10.590 INFO  reactor.netty.http.server.AccessLog               :279  [32m                  [0;39m 0:0:0:0:0:0:0:1 - - [16/1月/2026:21:06:10 +0800] "POST /member/member/send-code HTTP/1.1" 200 46 13
2026-01-16 21:06:34.215 INFO  reactor.netty.http.server.AccessLog               :279  [32m                  [0;39m 0:0:0:0:0:0:0:1 - - [16/1月/2026:21:06:34 +0800] "POST /member/member/send-code HTTP/1.1" 200 46 9
2026-01-16 21:06:39.667 INFO  reactor.netty.http.server.AccessLog               :279  [32m                  [0;39m 0:0:0:0:0:0:0:1 - - [16/1月/2026:21:06:39 +0800] "POST /member/member/send-code HTTP/1.1" 200 46 14
2026-01-16 21:06:49.115 INFO  reactor.netty.http.server.AccessLog               :279  [32m                  [0;39m 0:0:0:0:0:0:0:1 - - [16/1月/2026:21:06:49 +0800] "POST /member/member/send-code HTTP/1.1" 200 46 10
2026-01-16 21:07:09.417 INFO  reactor.netty.http.server.AccessLog               :279  [32m                  [0;39m 0:0:0:0:0:0:0:1 - - [16/1月/2026:21:07:09 +0800] "POST /member/member/send-code HTTP/1.1" 200 46 13
2026-01-16 21:09:15.584 INFO  reactor.netty.http.server.AccessLog               :279  [32m                  [0;39m 0:0:0:0:0:0:0:1 - - [16/1月/2026:21:09:15 +0800] "POST /member/member/send-code HTTP/1.1" 200 46 12
2026-01-16 21:09:18.613 INFO  reactor.netty.http.server.AccessLog               :279  [32m                  [0;39m 0:0:0:0:0:0:0:1 - - [16/1月/2026:21:09:18 +0800] "POST /member/member/send-code HTTP/1.1" 200 46 10
2026-01-16 21:20:50.715 INFO  reactor.netty.http.server.AccessLog               :279  [32m                  [0;39m 0:0:0:0:0:0:0:1 - - [16/1月/2026:21:20:50 +0800] "POST /member/member/send-code HTTP/1.1" 200 46 32
2026-01-16 21:21:19.782 INFO  reactor.netty.http.server.AccessLog               :279  [32m                  [0;39m 0:0:0:0:0:0:0:1 - - [16/1月/2026:21:21:19 +0800] "POST /member/member/send-code HTTP/1.1" 200 46 10
2026-01-16 21:21:23.332 INFO  reactor.netty.http.server.AccessLog               :279  [32m                  [0;39m 0:0:0:0:0:0:0:1 - - [16/1月/2026:21:21:23 +0800] "POST /member/member/send-code HTTP/1.1" 200 46 9
2026-01-16 21:23:25.535 INFO  reactor.netty.http.server.AccessLog               :279  [32m                  [0;39m 0:0:0:0:0:0:0:1 - - [16/1月/2026:21:23:25 +0800] "POST /member/member/send-code HTTP/1.1" 200 46 10
2026-01-16 21:24:07.376 INFO  reactor.netty.http.server.AccessLog               :279  [32m                  [0;39m 0:0:0:0:0:0:0:1 - - [16/1月/2026:21:24:07 +0800] "OPTIONS /member/member/login HTTP/1.1" 200 0 0
2026-01-16 21:24:07.452 INFO  reactor.netty.http.server.AccessLog               :279  [32m                  [0;39m 0:0:0:0:0:0:0:1 - - [16/1月/2026:21:24:07 +0800] "POST /member/member/login HTTP/1.1" 200 268 75
2026-01-16 21:33:21.444 INFO  reactor.netty.http.server.AccessLog               :279  [32m                  [0;39m 0:0:0:0:0:0:0:1 - - [16/1月/2026:21:33:21 +0800] "POST /member/member/send-code HTTP/1.1" 200 46 12
2026-01-16 21:33:22.330 INFO  reactor.netty.http.server.AccessLog               :279  [32m                  [0;39m 0:0:0:0:0:0:0:1 - - [16/1月/2026:21:33:22 +0800] "POST /member/member/login HTTP/1.1" 200 268 7
2026-01-16 21:47:00.981 INFO  reactor.netty.http.server.AccessLog               :279  [32m                  [0;39m 0:0:0:0:0:0:0:1 - - [16/1月/2026:21:47:00 +0800] "POST /member/member/send-code HTTP/1.1" 200 46 15
2026-01-16 22:07:30.120 INFO  reactor.netty.http.server.AccessLog               :279  [32m                  [0;39m 192.168.1.3 - - [16/1月/2026:22:07:30 +0800] "GET / HTTP/1.1" 404 283 105
2026-01-16 22:07:30.410 INFO  reactor.netty.http.server.AccessLog               :279  [32m                  [0;39m 192.168.1.3 - - [16/1月/2026:22:07:30 +0800] "GET /favicon.ico HTTP/1.1" 404 141 36
2026-01-16 22:07:45.465 INFO  reactor.netty.http.server.AccessLog               :279  [32m                  [0;39m 192.168.1.3 - - [16/1月/2026:22:07:45 +0800] "GET / HTTP/1.1" 404 283 4
2026-01-16 22:07:46.174 INFO  reactor.netty.http.server.AccessLog               :279  [32m                  [0;39m 192.168.1.3 - - [16/1月/2026:22:07:46 +0800] "GET / HTTP/1.1" 404 283 2
2026-01-16 22:07:46.586 INFO  reactor.netty.http.server.AccessLog               :279  [32m                  [0;39m 192.168.1.3 - - [16/1月/2026:22:07:46 +0800] "GET / HTTP/1.1" 404 283 1
2026-01-16 22:07:46.781 INFO  reactor.netty.http.server.AccessLog               :279  [32m                  [0;39m 192.168.1.3 - - [16/1月/2026:22:07:46 +0800] "GET / HTTP/1.1" 404 283 2
2026-01-16 22:07:46.956 INFO  reactor.netty.http.server.AccessLog               :279  [32m                  [0;39m 192.168.1.3 - - [16/1月/2026:22:07:46 +0800] "GET / HTTP/1.1" 404 283 3
2026-01-16 22:07:47.136 INFO  reactor.netty.http.server.AccessLog               :279  [32m                  [0;39m 192.168.1.3 - - [16/1月/2026:22:07:47 +0800] "GET / HTTP/1.1" 404 283 2
2026-01-16 22:07:47.326 INFO  reactor.netty.http.server.AccessLog               :279  [32m                  [0;39m 192.168.1.3 - - [16/1月/2026:22:07:47 +0800] "GET / HTTP/1.1" 404 283 0
2026-01-16 22:07:47.504 INFO  reactor.netty.http.server.AccessLog               :279  [32m                  [0;39m 192.168.1.3 - - [16/1月/2026:22:07:47 +0800] "GET / HTTP/1.1" 404 283 2
2026-01-16 22:07:52.507 INFO  reactor.netty.http.server.AccessLog               :279  [32m                  [0;39m 192.168.1.3 - - [16/1月/2026:22:07:52 +0800] "GET / HTTP/1.1" 404 283 2
2026-01-16 22:07:52.683 INFO  reactor.netty.http.server.AccessLog               :279  [32m                  [0;39m 192.168.1.3 - - [16/1月/2026:22:07:52 +0800] "GET / HTTP/1.1" 404 283 2
2026-01-16 22:07:52.874 INFO  reactor.netty.http.server.AccessLog               :279  [32m                  [0;39m 192.168.1.3 - - [16/1月/2026:22:07:52 +0800] "GET / HTTP/1.1" 404 283 1
2026-01-16 22:08:28.297 INFO  reactor.netty.http.server.AccessLog               :279  [32m                  [0;39m 192.168.1.3 - - [16/1月/2026:22:08:28 +0800] "GET / HTTP/1.1" 404 283 2
2026-01-16 22:08:28.953 INFO  reactor.netty.http.server.AccessLog               :279  [32m                  [0;39m 192.168.1.3 - - [16/1月/2026:22:08:28 +0800] "GET / HTTP/1.1" 404 283 1
2026-01-16 22:08:29.153 INFO  reactor.netty.http.server.AccessLog               :279  [32m                  [0;39m 192.168.1.3 - - [16/1月/2026:22:08:29 +0800] "GET / HTTP/1.1" 404 283 2
2026-01-16 22:08:29.715 INFO  reactor.netty.http.server.AccessLog               :279  [32m                  [0;39m 192.168.1.3 - - [16/1月/2026:22:08:29 +0800] "GET / HTTP/1.1" 404 283 1
2026-01-16 22:08:29.908 INFO  reactor.netty.http.server.AccessLog               :279  [32m                  [0;39m 192.168.1.3 - - [16/1月/2026:22:08:29 +0800] "GET / HTTP/1.1" 404 283 2
2026-01-16 22:08:30.112 INFO  reactor.netty.http.server.AccessLog               :279  [32m                  [0;39m 192.168.1.3 - - [16/1月/2026:22:08:30 +0800] "GET / HTTP/1.1" 404 283 2
2026-01-16 22:08:30.513 INFO  reactor.netty.http.server.AccessLog               :279  [32m                  [0;39m 192.168.1.3 - - [16/1月/2026:22:08:30 +0800] "GET / HTTP/1.1" 404 283 2
2026-01-16 22:08:30.703 INFO  reactor.netty.http.server.AccessLog               :279  [32m                  [0;39m 192.168.1.3 - - [16/1月/2026:22:08:30 +0800] "GET / HTTP/1.1" 404 283 2
2026-01-16 22:08:30.907 INFO  reactor.netty.http.server.AccessLog               :279  [32m                  [0;39m 192.168.1.3 - - [16/1月/2026:22:08:30 +0800] "GET / HTTP/1.1" 404 283 1
2026-01-16 22:08:31.128 INFO  reactor.netty.http.server.AccessLog               :279  [32m                  [0;39m 192.168.1.3 - - [16/1月/2026:22:08:31 +0800] "GET / HTTP/1.1" 404 283 2
2026-01-16 22:08:31.359 INFO  reactor.netty.http.server.AccessLog               :279  [32m                  [0;39m 192.168.1.3 - - [16/1月/2026:22:08:31 +0800] "GET / HTTP/1.1" 404 283 2
2026-01-16 22:08:31.603 INFO  reactor.netty.http.server.AccessLog               :279  [32m                  [0;39m 192.168.1.3 - - [16/1月/2026:22:08:31 +0800] "GET / HTTP/1.1" 404 283 2
2026-01-16 22:08:31.826 INFO  reactor.netty.http.server.AccessLog               :279  [32m                  [0;39m 192.168.1.3 - - [16/1月/2026:22:08:31 +0800] "GET / HTTP/1.1" 404 283 3
2026-01-16 22:08:32.419 INFO  reactor.netty.http.server.AccessLog               :279  [32m                  [0;39m 192.168.1.3 - - [16/1月/2026:22:08:32 +0800] "GET / HTTP/1.1" 404 283 2
2026-01-16 22:08:32.873 INFO  reactor.netty.http.server.AccessLog               :279  [32m                  [0;39m 192.168.1.3 - - [16/1月/2026:22:08:32 +0800] "GET / HTTP/1.1" 404 283 2
2026-01-16 22:08:33.043 INFO  reactor.netty.http.server.AccessLog               :279  [32m                  [0;39m 192.168.1.3 - - [16/1月/2026:22:08:33 +0800] "GET / HTTP/1.1" 404 283 2
2026-01-16 22:08:33.258 INFO  reactor.netty.http.server.AccessLog               :279  [32m                  [0;39m 192.168.1.3 - - [16/1月/2026:22:08:33 +0800] "GET / HTTP/1.1" 404 283 2
2026-01-16 22:08:33.468 INFO  reactor.netty.http.server.AccessLog               :279  [32m                  [0;39m 192.168.1.3 - - [16/1月/2026:22:08:33 +0800] "GET / HTTP/1.1" 404 283 1
2026-01-16 22:09:02.080 INFO  reactor.netty.http.server.AccessLog               :279  [32m                  [0;39m 192.168.1.3 - - [16/1月/2026:22:09:02 +0800] "GET / HTTP/1.1" 404 283 3
2026-01-16 22:52:17.746 INFO  reactor.netty.http.server.AccessLog               :279  [32m                  [0;39m 240e:380:933b:3f00:ac55:21c7:5a78:52ab - - [16/1月/2026:22:52:17 +0800] "GET / HTTP/1.1" 404 283 6
2026-01-16 22:52:18.011 INFO  reactor.netty.http.server.AccessLog               :279  [32m                  [0;39m 240e:380:933b:3f00:ac55:21c7:5a78:52ab - - [16/1月/2026:22:52:18 +0800] "GET /favicon.ico HTTP/1.1" 404 141 2
2026-01-16 22:52:22.893 INFO  reactor.netty.http.server.AccessLog               :279  [32m                  [0;39m 240e:380:933b:3f00:ac55:21c7:5a78:52ab - - [16/1月/2026:22:52:22 +0800] "GET / HTTP/1.1" 404 283 1
2026-01-16 22:59:58.859 INFO  reactor.netty.http.server.AccessLog               :279  [32m                  [0;39m 240e:380:933b:3f00:ac55:21c7:5a78:52ab - - [16/1月/2026:22:59:58 +0800] "GET / HTTP/1.1" 404 283 3
2026-01-16 23:00:57.596 INFO  reactor.netty.http.server.AccessLog               :279  [32m                  [0;39m 240e:380:933b:3f00:ac55:21c7:5a78:52ab - - [16/1月/2026:23:00:57 +0800] "GET / HTTP/1.1" 404 283 3
2026-01-16 23:00:58.327 INFO  reactor.netty.http.server.AccessLog               :279  [32m                  [0;39m 240e:380:933b:3f00:ac55:21c7:5a78:52ab - - [16/1月/2026:23:00:58 +0800] "GET / HTTP/1.1" 404 283 2
2026-01-16 23:00:58.793 INFO  reactor.netty.http.server.AccessLog               :279  [32m                  [0;39m 240e:380:933b:3f00:ac55:21c7:5a78:52ab - - [16/1月/2026:23:00:58 +0800] "GET / HTTP/1.1" 404 283 3
2026-01-16 23:00:58.984 INFO  reactor.netty.http.server.AccessLog               :279  [32m                  [0;39m 240e:380:933b:3f00:ac55:21c7:5a78:52ab - - [16/1月/2026:23:00:58 +0800] "GET / HTTP/1.1" 404 283 1
2026-01-16 23:00:59.169 INFO  reactor.netty.http.server.AccessLog               :279  [32m                  [0;39m 240e:380:933b:3f00:ac55:21c7:5a78:52ab - - [16/1月/2026:23:00:59 +0800] "GET / HTTP/1.1" 404 283 2
2026-01-16 23:00:59.360 INFO  reactor.netty.http.server.AccessLog               :279  [32m                  [0;39m 240e:380:933b:3f00:ac55:21c7:5a78:52ab - - [16/1月/2026:23:00:59 +0800] "GET / HTTP/1.1" 404 283 1
2026-01-16 23:01:57.014 INFO  reactor.netty.http.server.AccessLog               :279  [32m                  [0;39m 240e:380:933b:3f00:ac55:21c7:5a78:52ab - - [16/1月/2026:23:01:57 +0800] "GET / HTTP/1.1" 404 283 1
2026-01-16 23:02:19.301 INFO  reactor.netty.http.server.AccessLog               :279  [32m                  [0;39m 240e:380:933b:3f00:ac55:21c7:5a78:52ab - - [16/1月/2026:23:02:19 +0800] "GET / HTTP/1.1" 404 283 2
2026-01-16 23:02:30.116 INFO  reactor.netty.http.server.AccessLog               :279  [32m                  [0;39m 240e:380:933b:3f00:ac55:21c7:5a78:52ab - - [16/1月/2026:23:02:30 +0800] "GET / HTTP/1.1" 404 283 3
2026-01-16 23:04:35.952 INFO  reactor.netty.http.server.AccessLog               :279  [32m                  [0;39m 240e:380:933b:3f00:ac55:21c7:5a78:52ab - - [16/1月/2026:23:04:35 +0800] "GET / HTTP/1.1" 404 283 1
2026-01-16 23:04:36.660 INFO  reactor.netty.http.server.AccessLog               :279  [32m                  [0;39m 240e:380:933b:3f00:ac55:21c7:5a78:52ab - - [16/1月/2026:23:04:36 +0800] "GET / HTTP/1.1" 404 283 4
2026-01-16 23:04:36.860 INFO  reactor.netty.http.server.AccessLog               :279  [32m                  [0;39m 240e:380:933b:3f00:ac55:21c7:5a78:52ab - - [16/1月/2026:23:04:36 +0800] "GET / HTTP/1.1" 404 283 1
2026-01-16 23:04:37.038 INFO  reactor.netty.http.server.AccessLog               :279  [32m                  [0;39m 240e:380:933b:3f00:ac55:21c7:5a78:52ab - - [16/1月/2026:23:04:37 +0800] "GET / HTTP/1.1" 404 283 2
2026-01-16 23:04:37.222 INFO  reactor.netty.http.server.AccessLog               :279  [32m                  [0;39m 240e:380:933b:3f00:ac55:21c7:5a78:52ab - - [16/1月/2026:23:04:37 +0800] "GET / HTTP/1.1" 404 283 1
2026-01-16 23:04:37.412 INFO  reactor.netty.http.server.AccessLog               :279  [32m                  [0;39m 240e:380:933b:3f00:ac55:21c7:5a78:52ab - - [16/1月/2026:23:04:37 +0800] "GET / HTTP/1.1" 404 283 2
2026-01-16 23:04:37.610 INFO  reactor.netty.http.server.AccessLog               :279  [32m                  [0;39m 240e:380:933b:3f00:ac55:21c7:5a78:52ab - - [16/1月/2026:23:04:37 +0800] "GET / HTTP/1.1" 404 283 1
2026-01-16 23:04:37.825 INFO  reactor.netty.http.server.AccessLog               :279  [32m                  [0;39m 240e:380:933b:3f00:ac55:21c7:5a78:52ab - - [16/1月/2026:23:04:37 +0800] "GET / HTTP/1.1" 404 283 2
2026-01-16 23:04:38.019 INFO  reactor.netty.http.server.AccessLog               :279  [32m                  [0;39m 240e:380:933b:3f00:ac55:21c7:5a78:52ab - - [16/1月/2026:23:04:38 +0800] "GET / HTTP/1.1" 404 283 2
2026-01-16 23:04:38.221 INFO  reactor.netty.http.server.AccessLog               :279  [32m                  [0;39m 240e:380:933b:3f00:ac55:21c7:5a78:52ab - - [16/1月/2026:23:04:38 +0800] "GET / HTTP/1.1" 404 283 2
2026-01-16 23:04:38.411 INFO  reactor.netty.http.server.AccessLog               :279  [32m                  [0;39m 240e:380:933b:3f00:ac55:21c7:5a78:52ab - - [16/1月/2026:23:04:38 +0800] "GET / HTTP/1.1" 404 283 2
2026-01-16 23:04:38.611 INFO  reactor.netty.http.server.AccessLog               :279  [32m                  [0;39m 240e:380:933b:3f00:ac55:21c7:5a78:52ab - - [16/1月/2026:23:04:38 +0800] "GET / HTTP/1.1" 404 283 1
2026-01-16 23:04:38.815 INFO  reactor.netty.http.server.AccessLog               :279  [32m                  [0;39m 240e:380:933b:3f00:ac55:21c7:5a78:52ab - - [16/1月/2026:23:04:38 +0800] "GET / HTTP/1.1" 404 283 2
2026-01-16 23:04:39.014 INFO  reactor.netty.http.server.AccessLog               :279  [32m                  [0;39m 240e:380:933b:3f00:ac55:21c7:5a78:52ab - - [16/1月/2026:23:04:39 +0800] "GET / HTTP/1.1" 404 283 2
2026-01-16 23:04:39.228 INFO  reactor.netty.http.server.AccessLog               :279  [32m                  [0;39m 240e:380:933b:3f00:ac55:21c7:5a78:52ab - - [16/1月/2026:23:04:39 +0800] "GET / HTTP/1.1" 404 283 2
2026-01-16 23:04:39.429 INFO  reactor.netty.http.server.AccessLog               :279  [32m                  [0;39m 240e:380:933b:3f00:ac55:21c7:5a78:52ab - - [16/1月/2026:23:04:39 +0800] "GET / HTTP/1.1" 404 284 2
2026-01-16 23:04:39.635 INFO  reactor.netty.http.server.AccessLog               :279  [32m                  [0;39m 240e:380:933b:3f00:ac55:21c7:5a78:52ab - - [16/1月/2026:23:04:39 +0800] "GET / HTTP/1.1" 404 284 1
2026-01-16 23:04:39.823 INFO  reactor.netty.http.server.AccessLog               :279  [32m                  [0;39m 240e:380:933b:3f00:ac55:21c7:5a78:52ab - - [16/1月/2026:23:04:39 +0800] "GET / HTTP/1.1" 404 284 2
2026-01-16 23:04:40.026 INFO  reactor.netty.http.server.AccessLog               :279  [32m                  [0;39m 240e:380:933b:3f00:ac55:21c7:5a78:52ab - - [16/1月/2026:23:04:40 +0800] "GET / HTTP/1.1" 404 284 1
2026-01-16 23:04:40.222 INFO  reactor.netty.http.server.AccessLog               :279  [32m                  [0;39m 240e:380:933b:3f00:ac55:21c7:5a78:52ab - - [16/1月/2026:23:04:40 +0800] "GET / HTTP/1.1" 404 284 2
2026-01-16 23:04:40.420 INFO  reactor.netty.http.server.AccessLog               :279  [32m                  [0;39m 240e:380:933b:3f00:ac55:21c7:5a78:52ab - - [16/1月/2026:23:04:40 +0800] "GET / HTTP/1.1" 404 284 2
2026-01-16 23:04:40.618 INFO  reactor.netty.http.server.AccessLog               :279  [32m                  [0;39m 240e:380:933b:3f00:ac55:21c7:5a78:52ab - - [16/1月/2026:23:04:40 +0800] "GET / HTTP/1.1" 404 284 1
2026-01-16 23:04:40.813 INFO  reactor.netty.http.server.AccessLog               :279  [32m                  [0;39m 240e:380:933b:3f00:ac55:21c7:5a78:52ab - - [16/1月/2026:23:04:40 +0800] "GET / HTTP/1.1" 404 284 2
2026-01-16 23:04:41.003 INFO  reactor.netty.http.server.AccessLog               :279  [32m                  [0;39m 240e:380:933b:3f00:ac55:21c7:5a78:52ab - - [16/1月/2026:23:04:41 +0800] "GET / HTTP/1.1" 404 284 2
2026-01-16 23:04:41.215 INFO  reactor.netty.http.server.AccessLog               :279  [32m                  [0;39m 240e:380:933b:3f00:ac55:21c7:5a78:52ab - - [16/1月/2026:23:04:41 +0800] "GET / HTTP/1.1" 404 284 2
2026-01-16 23:04:41.423 INFO  reactor.netty.http.server.AccessLog               :279  [32m                  [0;39m 240e:380:933b:3f00:ac55:21c7:5a78:52ab - - [16/1月/2026:23:04:41 +0800] "GET / HTTP/1.1" 404 284 1
2026-01-16 23:04:41.622 INFO  reactor.netty.http.server.AccessLog               :279  [32m                  [0;39m 240e:380:933b:3f00:ac55:21c7:5a78:52ab - - [16/1月/2026:23:04:41 +0800] "GET / HTTP/1.1" 404 284 2
2026-01-16 23:04:41.820 INFO  reactor.netty.http.server.AccessLog               :279  [32m                  [0;39m 240e:380:933b:3f00:ac55:21c7:5a78:52ab - - [16/1月/2026:23:04:41 +0800] "GET / HTTP/1.1" 404 284 2
2026-01-16 23:04:42.023 INFO  reactor.netty.http.server.AccessLog               :279  [32m                  [0;39m 240e:380:933b:3f00:ac55:21c7:5a78:52ab - - [16/1月/2026:23:04:42 +0800] "GET / HTTP/1.1" 404 284 2
2026-01-16 23:04:42.213 INFO  reactor.netty.http.server.AccessLog               :279  [32m                  [0;39m 240e:380:933b:3f00:ac55:21c7:5a78:52ab - - [16/1月/2026:23:04:42 +0800] "GET / HTTP/1.1" 404 284 2
2026-01-16 23:04:42.413 INFO  reactor.netty.http.server.AccessLog               :279  [32m                  [0;39m 240e:380:933b:3f00:ac55:21c7:5a78:52ab - - [16/1月/2026:23:04:42 +0800] "GET / HTTP/1.1" 404 284 2
2026-01-16 23:04:42.620 INFO  reactor.netty.http.server.AccessLog               :279  [32m                  [0;39m 240e:380:933b:3f00:ac55:21c7:5a78:52ab - - [16/1月/2026:23:04:42 +0800] "GET / HTTP/1.1" 404 284 2
2026-01-16 23:04:42.843 INFO  reactor.netty.http.server.AccessLog               :279  [32m                  [0;39m 240e:380:933b:3f00:ac55:21c7:5a78:52ab - - [16/1月/2026:23:04:42 +0800] "GET / HTTP/1.1" 404 284 2
2026-01-16 23:04:43.042 INFO  reactor.netty.http.server.AccessLog               :279  [32m                  [0;39m 240e:380:933b:3f00:ac55:21c7:5a78:52ab - - [16/1月/2026:23:04:43 +0800] "GET / HTTP/1.1" 404 284 1
2026-01-16 23:04:43.242 INFO  reactor.netty.http.server.AccessLog               :279  [32m                  [0;39m 240e:380:933b:3f00:ac55:21c7:5a78:52ab - - [16/1月/2026:23:04:43 +0800] "GET / HTTP/1.1" 404 284 2
2026-01-16 23:04:43.431 INFO  reactor.netty.http.server.AccessLog               :279  [32m                  [0;39m 240e:380:933b:3f00:ac55:21c7:5a78:52ab - - [16/1月/2026:23:04:43 +0800] "GET / HTTP/1.1" 404 284 1
2026-01-16 23:11:15.163 INFO  reactor.netty.http.server.AccessLog               :279  [32m                  [0;39m 240e:380:933b:3f00:ac55:21c7:5a78:52ab - - [16/1月/2026:23:11:15 +0800] "GET / HTTP/1.1" 404 284 2
2026-01-16 23:11:21.027 INFO  reactor.netty.http.server.AccessLog               :279  [32m                  [0;39m 240e:380:933b:3f00:ac55:21c7:5a78:52ab - - [16/1月/2026:23:11:21 +0800] "GET /hello HTTP/1.1" 404 284 2
2026-01-16 23:11:24.759 INFO  reactor.netty.http.server.AccessLog               :279  [32m                  [0;39m 240e:380:933b:3f00:ac55:21c7:5a78:52ab - - [16/1月/2026:23:11:24 +0800] "GET /hello HTTP/1.1" 404 284 2
2026-01-16 23:11:34.364 INFO  reactor.netty.http.server.AccessLog               :279  [32m                  [0;39m 240e:380:933b:3f00:ac55:21c7:5a78:52ab - - [16/1月/2026:23:11:34 +0800] "GET /member/hello HTTP/1.1" 200 11 24
2026-01-16 23:11:47.020 INFO  reactor.netty.http.server.AccessLog               :279  [32m                  [0;39m 240e:380:933b:3f00:ac55:21c7:5a78:52ab - - [16/1月/2026:23:11:47 +0800] "GET /member/hello HTTP/1.1" 200 11 6
2026-01-16 23:12:42.276 INFO  reactor.netty.http.server.AccessLog               :279  [32m                  [0;39m 240e:380:933b:3f00:ac55:21c7:5a78:52ab - - [16/1月/2026:23:12:42 +0800] "GET /member/hello HTTP/1.1" 200 11 3
2026-01-16 23:12:54.911 INFO  reactor.netty.http.server.AccessLog               :279  [32m                  [0;39m 240e:380:933b:3f00:ac55:21c7:5a78:52ab - - [16/1月/2026:23:12:54 +0800] "GET /member/hello HTTP/1.1" 200 11 5
2026-01-16 23:12:56.859 INFO  reactor.netty.http.server.AccessLog               :279  [32m                  [0;39m 240e:380:933b:3f00:ac55:21c7:5a78:52ab - - [16/1月/2026:23:12:56 +0800] "GET /member/hello HTTP/1.1" 200 11 6
2026-01-16 23:13:07.237 INFO  reactor.netty.http.server.AccessLog               :279  [32m                  [0;39m 240e:380:933b:3f00:ac55:21c7:5a78:52ab - - [16/1月/2026:23:13:07 +0800] "GET /member/hello HTTP/1.1" 200 11 5
2026-01-16 23:14:03.016 INFO  reactor.netty.http.server.AccessLog               :279  [32m                  [0;39m 240e:380:933b:3f00:ac55:21c7:5a78:52ab - - [16/1月/2026:23:14:03 +0800] "GET /member/hello HTTP/1.1" 200 11 3
2026-01-16 23:14:57.234 INFO  reactor.netty.http.server.AccessLog               :279  [32m                  [0;39m 240e:380:933b:3f00:ac55:21c7:5a78:52ab - - [16/1月/2026:23:14:57 +0800] "GET /member/hello HTTP/1.1" 200 11 11
2026-01-16 23:14:57.765 INFO  reactor.netty.http.server.AccessLog               :279  [32m                  [0;39m 240e:380:933b:3f00:ac55:21c7:5a78:52ab - - [16/1月/2026:23:14:57 +0800] "GET /member/hello HTTP/1.1" 200 11 5
2026-01-16 23:14:57.960 INFO  reactor.netty.http.server.AccessLog               :279  [32m                  [0;39m 240e:380:933b:3f00:ac55:21c7:5a78:52ab - - [16/1月/2026:23:14:57 +0800] "GET /member/hello HTTP/1.1" 200 11 3
2026-01-16 23:14:58.150 INFO  reactor.netty.http.server.AccessLog               :279  [32m                  [0;39m 240e:380:933b:3f00:ac55:21c7:5a78:52ab - - [16/1月/2026:23:14:58 +0800] "GET /member/hello HTTP/1.1" 200 11 3
2026-01-16 23:14:58.347 INFO  reactor.netty.http.server.AccessLog               :279  [32m                  [0;39m 240e:380:933b:3f00:ac55:21c7:5a78:52ab - - [16/1月/2026:23:14:58 +0800] "GET /member/hello HTTP/1.1" 200 11 3
2026-01-16 23:14:58.707 INFO  reactor.netty.http.server.AccessLog               :279  [32m                  [0;39m 240e:380:933b:3f00:ac55:21c7:5a78:52ab - - [16/1月/2026:23:14:58 +0800] "GET /member/hello HTTP/1.1" 200 11 4
2026-01-16 23:14:58.903 INFO  reactor.netty.http.server.AccessLog               :279  [32m                  [0;39m 240e:380:933b:3f00:ac55:21c7:5a78:52ab - - [16/1月/2026:23:14:58 +0800] "GET /member/hello HTTP/1.1" 200 11 4
2026-01-16 23:14:59.103 INFO  reactor.netty.http.server.AccessLog               :279  [32m                  [0;39m 240e:380:933b:3f00:ac55:21c7:5a78:52ab - - [16/1月/2026:23:14:59 +0800] "GET /member/hello HTTP/1.1" 200 11 6
2026-01-16 23:14:59.283 INFO  reactor.netty.http.server.AccessLog               :279  [32m                  [0;39m 240e:380:933b:3f00:ac55:21c7:5a78:52ab - - [16/1月/2026:23:14:59 +0800] "GET /member/hello HTTP/1.1" 200 11 3
2026-01-16 23:14:59.492 INFO  reactor.netty.http.server.AccessLog               :279  [32m                  [0;39m 240e:380:933b:3f00:ac55:21c7:5a78:52ab - - [16/1月/2026:23:14:59 +0800] "GET /member/hello HTTP/1.1" 200 11 4
2026-01-16 23:14:59.695 INFO  reactor.netty.http.server.AccessLog               :279  [32m                  [0;39m 240e:380:933b:3f00:ac55:21c7:5a78:52ab - - [16/1月/2026:23:14:59 +0800] "GET /member/hello HTTP/1.1" 200 11 3
2026-01-16 23:14:59.890 INFO  reactor.netty.http.server.AccessLog               :279  [32m                  [0;39m 240e:380:933b:3f00:ac55:21c7:5a78:52ab - - [16/1月/2026:23:14:59 +0800] "GET /member/hello HTTP/1.1" 200 11 3
